[debug] [2025-05-17T06:14:38.803Z] ----------------------------------------------------------------------
[debug] [2025-05-17T06:14:38.809Z] Command:       C:\Program Files\nodejs\node.exe C:\Users\Dell\AppData\Roaming\npm\node_modules\firebase-tools\lib\bin\firebase.js deploy --only functions:getNews
[debug] [2025-05-17T06:14:38.810Z] CLI Version:   14.4.0
[debug] [2025-05-17T06:14:38.810Z] Platform:      win32
[debug] [2025-05-17T06:14:38.810Z] Node Version:  v22.11.0
[debug] [2025-05-17T06:14:38.811Z] Time:          Fri May 16 2025 23:14:38 GMT-0700 (Pacific Daylight Time)
[debug] [2025-05-17T06:14:38.811Z] ----------------------------------------------------------------------
[debug] 
[debug] [2025-05-17T06:14:39.084Z] > command requires scopes: ["email","openid","https://www.googleapis.com/auth/cloudplatformprojects.readonly","https://www.googleapis.com/auth/firebase","https://www.googleapis.com/auth/cloud-platform"]
[debug] [2025-05-17T06:14:39.085Z] > authorizing via signed-in user (elliottjang1@gmail.com)
[debug] [2025-05-17T06:14:39.085Z] [iam] checking project news-reader-444bf for permissions ["cloudfunctions.functions.create","cloudfunctions.functions.delete","cloudfunctions.functions.get","cloudfunctions.functions.list","cloudfunctions.functions.update","cloudfunctions.operations.get","firebase.projects.get"]
[debug] [2025-05-17T06:14:39.086Z] Checked if tokens are valid: false, expires at: 1747463191638
[debug] [2025-05-17T06:14:39.086Z] Checked if tokens are valid: false, expires at: 1747463191638
[debug] [2025-05-17T06:14:39.087Z] > refreshing access token with scopes: []
[debug] [2025-05-17T06:14:39.089Z] >>> [apiv2][query] POST https://www.googleapis.com/oauth2/v3/token [none]
[debug] [2025-05-17T06:14:39.089Z] >>> [apiv2][body] POST https://www.googleapis.com/oauth2/v3/token [omitted]
[debug] [2025-05-17T06:14:39.302Z] <<< [apiv2][status] POST https://www.googleapis.com/oauth2/v3/token 200
[debug] [2025-05-17T06:14:39.302Z] <<< [apiv2][body] POST https://www.googleapis.com/oauth2/v3/token [omitted]
[debug] [2025-05-17T06:14:39.343Z] >>> [apiv2][query] POST https://cloudresourcemanager.googleapis.com/v1/projects/news-reader-444bf:testIamPermissions [none]
[debug] [2025-05-17T06:14:39.344Z] >>> [apiv2][(partial)header] POST https://cloudresourcemanager.googleapis.com/v1/projects/news-reader-444bf:testIamPermissions x-goog-quota-user=projects/news-reader-444bf
[debug] [2025-05-17T06:14:39.344Z] >>> [apiv2][body] POST https://cloudresourcemanager.googleapis.com/v1/projects/news-reader-444bf:testIamPermissions {"permissions":["cloudfunctions.functions.create","cloudfunctions.functions.delete","cloudfunctions.functions.get","cloudfunctions.functions.list","cloudfunctions.functions.update","cloudfunctions.operations.get","firebase.projects.get"]}
[debug] [2025-05-17T06:14:39.508Z] <<< [apiv2][status] POST https://cloudresourcemanager.googleapis.com/v1/projects/news-reader-444bf:testIamPermissions 200
[debug] [2025-05-17T06:14:39.508Z] <<< [apiv2][body] POST https://cloudresourcemanager.googleapis.com/v1/projects/news-reader-444bf:testIamPermissions {"permissions":["cloudfunctions.functions.create","cloudfunctions.functions.delete","cloudfunctions.functions.get","cloudfunctions.functions.list","cloudfunctions.functions.update","cloudfunctions.operations.get","firebase.projects.get"]}
[debug] [2025-05-17T06:14:39.509Z] Checked if tokens are valid: true, expires at: 1747466078303
[debug] [2025-05-17T06:14:39.509Z] Checked if tokens are valid: true, expires at: 1747466078303
[debug] [2025-05-17T06:14:39.509Z] >>> [apiv2][query] POST https://iam.googleapis.com/v1/projects/news-reader-444bf/serviceAccounts/news-reader-444bf@appspot.gserviceaccount.com:testIamPermissions [none]
[debug] [2025-05-17T06:14:39.509Z] >>> [apiv2][body] POST https://iam.googleapis.com/v1/projects/news-reader-444bf/serviceAccounts/news-reader-444bf@appspot.gserviceaccount.com:testIamPermissions {"permissions":["iam.serviceAccounts.actAs"]}
[debug] [2025-05-17T06:14:39.892Z] <<< [apiv2][status] POST https://iam.googleapis.com/v1/projects/news-reader-444bf/serviceAccounts/news-reader-444bf@appspot.gserviceaccount.com:testIamPermissions 200
[debug] [2025-05-17T06:14:39.892Z] <<< [apiv2][body] POST https://iam.googleapis.com/v1/projects/news-reader-444bf/serviceAccounts/news-reader-444bf@appspot.gserviceaccount.com:testIamPermissions {"permissions":["iam.serviceAccounts.actAs"]}
[info] 
[info] === Deploying to 'news-reader-444bf'...
[info] 
[info] i  deploying functions 
[info] Running command: npm --prefix "$RESOURCE_DIR" run lint
[info] Running command: npm --prefix "$RESOURCE_DIR" run build
[info] +  functions: Finished running predeploy script. 
[debug] [2025-05-17T06:14:57.184Z] Checked if tokens are valid: true, expires at: 1747466078303
[debug] [2025-05-17T06:14:57.185Z] Checked if tokens are valid: true, expires at: 1747466078303
[debug] [2025-05-17T06:14:57.185Z] >>> [apiv2][query] GET https://serviceusage.googleapis.com/v1/projects/news-reader-444bf/services/cloudresourcemanager.googleapis.com [none]
[debug] [2025-05-17T06:14:57.185Z] >>> [apiv2][(partial)header] GET https://serviceusage.googleapis.com/v1/projects/news-reader-444bf/services/cloudresourcemanager.googleapis.com x-goog-quota-user=projects/news-reader-444bf
[debug] [2025-05-17T06:14:57.646Z] <<< [apiv2][status] GET https://serviceusage.googleapis.com/v1/projects/news-reader-444bf/services/cloudresourcemanager.googleapis.com 200
[debug] [2025-05-17T06:14:57.646Z] <<< [apiv2][body] GET https://serviceusage.googleapis.com/v1/projects/news-reader-444bf/services/cloudresourcemanager.googleapis.com [omitted]
[debug] [2025-05-17T06:14:57.646Z] Checked if tokens are valid: true, expires at: 1747466078303
[debug] [2025-05-17T06:14:57.646Z] Checked if tokens are valid: true, expires at: 1747466078303
[debug] [2025-05-17T06:14:57.646Z] >>> [apiv2][query] GET https://cloudresourcemanager.googleapis.com/v1/projects/news-reader-444bf [none]
[debug] [2025-05-17T06:14:57.937Z] <<< [apiv2][status] GET https://cloudresourcemanager.googleapis.com/v1/projects/news-reader-444bf 200
[debug] [2025-05-17T06:14:57.938Z] <<< [apiv2][body] GET https://cloudresourcemanager.googleapis.com/v1/projects/news-reader-444bf {"projectNumber":"560319124551","projectId":"news-reader-444bf","lifecycleState":"ACTIVE","name":"news-reader","labels":{"firebase":"enabled","firebase-core":"disabled"},"createTime":"2025-05-17T04:36:31.885518Z"}
[info] i  functions: preparing codebase default for deployment 
[info] i  functions: ensuring required API cloudfunctions.googleapis.com is enabled... 
[debug] [2025-05-17T06:14:57.939Z] Checked if tokens are valid: true, expires at: 1747466078303
[debug] [2025-05-17T06:14:57.940Z] Checked if tokens are valid: true, expires at: 1747466078303
[debug] [2025-05-17T06:14:57.940Z] Checked if tokens are valid: true, expires at: 1747466078303
[debug] [2025-05-17T06:14:57.940Z] Checked if tokens are valid: true, expires at: 1747466078303
[info] i  functions: ensuring required API cloudbuild.googleapis.com is enabled... 
[debug] [2025-05-17T06:14:57.940Z] Checked if tokens are valid: true, expires at: 1747466078303
[debug] [2025-05-17T06:14:57.940Z] Checked if tokens are valid: true, expires at: 1747466078303
[info] i  artifactregistry: ensuring required API artifactregistry.googleapis.com is enabled... 
[debug] [2025-05-17T06:14:57.941Z] Checked if tokens are valid: true, expires at: 1747466078303
[debug] [2025-05-17T06:14:57.941Z] Checked if tokens are valid: true, expires at: 1747466078303
[debug] [2025-05-17T06:14:57.941Z] >>> [apiv2][query] GET https://serviceusage.googleapis.com/v1/projects/news-reader-444bf/services/cloudfunctions.googleapis.com [none]
[debug] [2025-05-17T06:14:57.941Z] >>> [apiv2][(partial)header] GET https://serviceusage.googleapis.com/v1/projects/news-reader-444bf/services/cloudfunctions.googleapis.com x-goog-quota-user=projects/news-reader-444bf
[debug] [2025-05-17T06:14:57.942Z] >>> [apiv2][query] GET https://serviceusage.googleapis.com/v1/projects/news-reader-444bf/services/runtimeconfig.googleapis.com [none]
[debug] [2025-05-17T06:14:57.942Z] >>> [apiv2][(partial)header] GET https://serviceusage.googleapis.com/v1/projects/news-reader-444bf/services/runtimeconfig.googleapis.com x-goog-quota-user=projects/news-reader-444bf
[debug] [2025-05-17T06:14:57.944Z] >>> [apiv2][query] GET https://serviceusage.googleapis.com/v1/projects/news-reader-444bf/services/cloudbuild.googleapis.com [none]
[debug] [2025-05-17T06:14:57.944Z] >>> [apiv2][(partial)header] GET https://serviceusage.googleapis.com/v1/projects/news-reader-444bf/services/cloudbuild.googleapis.com x-goog-quota-user=projects/news-reader-444bf
[debug] [2025-05-17T06:14:57.946Z] >>> [apiv2][query] GET https://serviceusage.googleapis.com/v1/projects/news-reader-444bf/services/artifactregistry.googleapis.com [none]
[debug] [2025-05-17T06:14:57.946Z] >>> [apiv2][(partial)header] GET https://serviceusage.googleapis.com/v1/projects/news-reader-444bf/services/artifactregistry.googleapis.com x-goog-quota-user=projects/news-reader-444bf
[debug] [2025-05-17T06:14:58.091Z] <<< [apiv2][status] GET https://serviceusage.googleapis.com/v1/projects/news-reader-444bf/services/cloudfunctions.googleapis.com 200
[debug] [2025-05-17T06:14:58.091Z] <<< [apiv2][body] GET https://serviceusage.googleapis.com/v1/projects/news-reader-444bf/services/cloudfunctions.googleapis.com [omitted]
[info] +  functions: required API cloudfunctions.googleapis.com is enabled 
[debug] [2025-05-17T06:14:58.319Z] <<< [apiv2][status] GET https://serviceusage.googleapis.com/v1/projects/news-reader-444bf/services/runtimeconfig.googleapis.com 200
[debug] [2025-05-17T06:14:58.320Z] <<< [apiv2][body] GET https://serviceusage.googleapis.com/v1/projects/news-reader-444bf/services/runtimeconfig.googleapis.com [omitted]
[debug] [2025-05-17T06:14:58.350Z] <<< [apiv2][status] GET https://serviceusage.googleapis.com/v1/projects/news-reader-444bf/services/cloudbuild.googleapis.com 200
[debug] [2025-05-17T06:14:58.350Z] <<< [apiv2][body] GET https://serviceusage.googleapis.com/v1/projects/news-reader-444bf/services/cloudbuild.googleapis.com [omitted]
[info] +  functions: required API cloudbuild.googleapis.com is enabled 
[debug] [2025-05-17T06:14:58.357Z] <<< [apiv2][status] GET https://serviceusage.googleapis.com/v1/projects/news-reader-444bf/services/artifactregistry.googleapis.com 200
[debug] [2025-05-17T06:14:58.358Z] <<< [apiv2][body] GET https://serviceusage.googleapis.com/v1/projects/news-reader-444bf/services/artifactregistry.googleapis.com [omitted]
[info] +  artifactregistry: required API artifactregistry.googleapis.com is enabled 
[debug] [2025-05-17T06:14:58.358Z] Checked if tokens are valid: true, expires at: 1747466078303
[debug] [2025-05-17T06:14:58.358Z] Checked if tokens are valid: true, expires at: 1747466078303
[debug] [2025-05-17T06:14:58.358Z] >>> [apiv2][query] GET https://firebase.googleapis.com/v1beta1/projects/news-reader-444bf/adminSdkConfig [none]
[debug] [2025-05-17T06:14:58.657Z] <<< [apiv2][status] GET https://firebase.googleapis.com/v1beta1/projects/news-reader-444bf/adminSdkConfig 200
[debug] [2025-05-17T06:14:58.657Z] <<< [apiv2][body] GET https://firebase.googleapis.com/v1beta1/projects/news-reader-444bf/adminSdkConfig {"projectId":"news-reader-444bf","storageBucket":"news-reader-444bf.firebasestorage.app"}
[debug] [2025-05-17T06:14:58.658Z] Checked if tokens are valid: true, expires at: 1747466078303
[debug] [2025-05-17T06:14:58.658Z] Checked if tokens are valid: true, expires at: 1747466078303
[debug] [2025-05-17T06:14:58.658Z] >>> [apiv2][query] GET https://runtimeconfig.googleapis.com/v1beta1/projects/news-reader-444bf/configs [none]
[debug] [2025-05-17T06:14:58.854Z] <<< [apiv2][status] GET https://runtimeconfig.googleapis.com/v1beta1/projects/news-reader-444bf/configs 200
[debug] [2025-05-17T06:14:58.854Z] <<< [apiv2][body] GET https://runtimeconfig.googleapis.com/v1beta1/projects/news-reader-444bf/configs {"configs":[{"name":"projects/news-reader-444bf/configs/newsapi"}]}
[debug] [2025-05-17T06:14:58.855Z] Checked if tokens are valid: true, expires at: 1747466078303
[debug] [2025-05-17T06:14:58.855Z] Checked if tokens are valid: true, expires at: 1747466078303
[debug] [2025-05-17T06:14:58.855Z] >>> [apiv2][query] GET https://runtimeconfig.googleapis.com/v1beta1/projects/news-reader-444bf/configs/newsapi/variables [none]
[debug] [2025-05-17T06:14:58.985Z] <<< [apiv2][status] GET https://runtimeconfig.googleapis.com/v1beta1/projects/news-reader-444bf/configs/newsapi/variables 200
[debug] [2025-05-17T06:14:58.985Z] <<< [apiv2][body] GET https://runtimeconfig.googleapis.com/v1beta1/projects/news-reader-444bf/configs/newsapi/variables {"variables":[{"name":"projects/news-reader-444bf/configs/newsapi/variables/key","updateTime":"2025-05-17T04:43:48.248387680Z"}]}
[debug] [2025-05-17T06:14:58.986Z] Checked if tokens are valid: true, expires at: 1747466078303
[debug] [2025-05-17T06:14:58.986Z] Checked if tokens are valid: true, expires at: 1747466078303
[debug] [2025-05-17T06:14:58.986Z] >>> [apiv2][query] GET https://runtimeconfig.googleapis.com/v1beta1/projects/news-reader-444bf/configs/newsapi/variables/key [none]
[debug] [2025-05-17T06:14:59.139Z] <<< [apiv2][status] GET https://runtimeconfig.googleapis.com/v1beta1/projects/news-reader-444bf/configs/newsapi/variables/key 200
[debug] [2025-05-17T06:14:59.139Z] <<< [apiv2][body] GET https://runtimeconfig.googleapis.com/v1beta1/projects/news-reader-444bf/configs/newsapi/variables/key {"name":"projects/news-reader-444bf/configs/newsapi/variables/key","updateTime":"2025-05-17T04:43:48.248387680Z","text":"f307eb243df243f6be416fa369f8a079"}
[debug] [2025-05-17T06:14:59.142Z] Validating nodejs source
[debug] [2025-05-17T06:15:00.700Z] > [functions] package.json contents: {
  "name": "functions",
  "scripts": {
    "lint": "eslint --ext .js,.ts .",
    "build": "tsc",
    "build:watch": "tsc --watch",
    "serve": "npm run build && firebase emulators:start --only functions",
    "shell": "npm run build && firebase functions:shell",
    "start": "npm run shell",
    "deploy": "firebase deploy --only functions",
    "logs": "firebase functions:log"
  },
  "engines": {
    "node": "22"
  },
  "main": "lib/index.js",
  "dependencies": {
    "firebase-admin": "^12.6.0",
    "firebase-functions": "^6.0.1"
  },
  "devDependencies": {
    "@typescript-eslint/eslint-plugin": "^5.12.0",
    "@typescript-eslint/parser": "^5.12.0",
    "eslint": "^8.9.0",
    "eslint-config-google": "^0.14.0",
    "eslint-plugin-import": "^2.25.4",
    "firebase-functions-test": "^3.1.0",
    "typescript": "^4.9.0"
  },
  "private": true
}
[debug] [2025-05-17T06:15:00.701Z] Building nodejs source
[info] i  functions: Loading and analyzing source code for codebase default to determine what to deploy 
[debug] [2025-05-17T06:15:00.702Z] Could not find functions.yaml. Must use http discovery
[debug] [2025-05-17T06:15:00.711Z] Found firebase-functions binary at 'C:\Users\Dell\Downloads\cs_shenanigans\news-reader\functions\node_modules\.bin\firebase-functions'
[info] Serving at port 8431

[debug] [2025-05-17T06:15:01.588Z] Got response from /__/functions.yaml {"endpoints":{"getNews":{"availableMemoryMb":null,"timeoutSeconds":null,"minInstances":null,"maxInstances":null,"ingressSettings":null,"concurrency":null,"serviceAccountEmail":null,"vpc":null,"platform":"gcfv2","labels":{},"httpsTrigger":{},"entryPoint":"getNews"}},"specVersion":"v1alpha1","requiredAPIs":[],"extensions":{},"params":[{"type":"secret","name":"NEWS_API_KEY"}]}
[info] i  extensions: ensuring required API firebaseextensions.googleapis.com is enabled... 
[debug] [2025-05-17T06:15:05.636Z] Checked if tokens are valid: true, expires at: 1747466078303
[debug] [2025-05-17T06:15:05.636Z] Checked if tokens are valid: true, expires at: 1747466078303
[debug] [2025-05-17T06:15:05.636Z] >>> [apiv2][query] GET https://serviceusage.googleapis.com/v1/projects/news-reader-444bf/services/firebaseextensions.googleapis.com [none]
[debug] [2025-05-17T06:15:05.636Z] >>> [apiv2][(partial)header] GET https://serviceusage.googleapis.com/v1/projects/news-reader-444bf/services/firebaseextensions.googleapis.com x-goog-quota-user=projects/news-reader-444bf
[debug] [2025-05-17T06:15:06.034Z] <<< [apiv2][status] GET https://serviceusage.googleapis.com/v1/projects/news-reader-444bf/services/firebaseextensions.googleapis.com 200
[debug] [2025-05-17T06:15:06.034Z] <<< [apiv2][body] GET https://serviceusage.googleapis.com/v1/projects/news-reader-444bf/services/firebaseextensions.googleapis.com [omitted]
[info] +  extensions: required API firebaseextensions.googleapis.com is enabled 
[debug] [2025-05-17T06:15:06.035Z] > command requires scopes: ["email","openid","https://www.googleapis.com/auth/cloudplatformprojects.readonly","https://www.googleapis.com/auth/firebase","https://www.googleapis.com/auth/cloud-platform"]
[debug] [2025-05-17T06:15:06.035Z] > authorizing via signed-in user (elliottjang1@gmail.com)
[debug] [2025-05-17T06:15:06.035Z] [iam] checking project news-reader-444bf for permissions ["firebase.projects.get","firebaseextensions.instances.list"]
[debug] [2025-05-17T06:15:06.035Z] Checked if tokens are valid: true, expires at: 1747466078303
[debug] [2025-05-17T06:15:06.035Z] Checked if tokens are valid: true, expires at: 1747466078303
[debug] [2025-05-17T06:15:06.035Z] >>> [apiv2][query] POST https://cloudresourcemanager.googleapis.com/v1/projects/news-reader-444bf:testIamPermissions [none]
[debug] [2025-05-17T06:15:06.035Z] >>> [apiv2][(partial)header] POST https://cloudresourcemanager.googleapis.com/v1/projects/news-reader-444bf:testIamPermissions x-goog-quota-user=projects/news-reader-444bf
[debug] [2025-05-17T06:15:06.035Z] >>> [apiv2][body] POST https://cloudresourcemanager.googleapis.com/v1/projects/news-reader-444bf:testIamPermissions {"permissions":["firebase.projects.get","firebaseextensions.instances.list"]}
[debug] [2025-05-17T06:15:06.152Z] <<< [apiv2][status] POST https://cloudresourcemanager.googleapis.com/v1/projects/news-reader-444bf:testIamPermissions 200
[debug] [2025-05-17T06:15:06.152Z] <<< [apiv2][body] POST https://cloudresourcemanager.googleapis.com/v1/projects/news-reader-444bf:testIamPermissions {"permissions":["firebase.projects.get","firebaseextensions.instances.list"]}
[debug] [2025-05-17T06:15:06.152Z] Checked if tokens are valid: true, expires at: 1747466078303
[debug] [2025-05-17T06:15:06.152Z] Checked if tokens are valid: true, expires at: 1747466078303
[debug] [2025-05-17T06:15:06.153Z] >>> [apiv2][query] GET https://firebaseextensions.googleapis.com/v1beta/projects/news-reader-444bf/instances pageSize=100&pageToken=
[debug] [2025-05-17T06:15:06.624Z] <<< [apiv2][status] GET https://firebaseextensions.googleapis.com/v1beta/projects/news-reader-444bf/instances 200
[debug] [2025-05-17T06:15:06.625Z] <<< [apiv2][body] GET https://firebaseextensions.googleapis.com/v1beta/projects/news-reader-444bf/instances {}
[debug] [2025-05-17T06:15:06.626Z] Checked if tokens are valid: true, expires at: 1747466078303
[debug] [2025-05-17T06:15:06.626Z] Checked if tokens are valid: true, expires at: 1747466078303
[debug] [2025-05-17T06:15:06.626Z] >>> [apiv2][query] GET https://secretmanager.googleapis.com/v1/projects/news-reader-444bf/secrets/NEWS_API_KEY [none]
[debug] [2025-05-17T06:15:06.832Z] <<< [apiv2][status] GET https://secretmanager.googleapis.com/v1/projects/news-reader-444bf/secrets/NEWS_API_KEY 200
[debug] [2025-05-17T06:15:06.832Z] <<< [apiv2][body] GET https://secretmanager.googleapis.com/v1/projects/news-reader-444bf/secrets/NEWS_API_KEY {"name":"projects/560319124551/secrets/NEWS_API_KEY","replication":{"automatic":{}},"createTime":"2025-05-17T05:22:13.733682Z","labels":{"firebase-managed":"functions"},"etag":"\"16354e14e13d77\""}
[debug] [2025-05-17T06:15:06.832Z] Checked if tokens are valid: true, expires at: 1747466078303
[debug] [2025-05-17T06:15:06.832Z] Checked if tokens are valid: true, expires at: 1747466078303
[debug] [2025-05-17T06:15:06.832Z] >>> [apiv2][query] GET https://secretmanager.googleapis.com/v1/projects/news-reader-444bf/secrets/NEWS_API_KEY/versions/latest [none]
[debug] [2025-05-17T06:15:06.948Z] <<< [apiv2][status] GET https://secretmanager.googleapis.com/v1/projects/news-reader-444bf/secrets/NEWS_API_KEY/versions/latest 200
[debug] [2025-05-17T06:15:06.949Z] <<< [apiv2][body] GET https://secretmanager.googleapis.com/v1/projects/news-reader-444bf/secrets/NEWS_API_KEY/versions/latest {"name":"projects/560319124551/secrets/NEWS_API_KEY/versions/1","createTime":"2025-05-17T05:22:15.510519Z","state":"ENABLED","replicationStatus":{"automatic":{}},"etag":"\"16354e14f3d9f7\""}
[info] i  functions: preparing functions directory for uploading... 
[info] i  functions: packaged C:\Users\Dell\Downloads\cs_shenanigans\news-reader\functions (86.91 KB) for uploading 
[debug] [2025-05-17T06:15:07.004Z] Checked if tokens are valid: true, expires at: 1747466078303
[debug] [2025-05-17T06:15:07.004Z] Checked if tokens are valid: true, expires at: 1747466078303
[debug] [2025-05-17T06:15:07.004Z] >>> [apiv2][query] GET https://cloudfunctions.googleapis.com/v1/projects/news-reader-444bf/locations/-/functions [none]
[debug] [2025-05-17T06:15:07.474Z] <<< [apiv2][status] GET https://cloudfunctions.googleapis.com/v1/projects/news-reader-444bf/locations/-/functions 200
[debug] [2025-05-17T06:15:07.474Z] <<< [apiv2][body] GET https://cloudfunctions.googleapis.com/v1/projects/news-reader-444bf/locations/-/functions {}
[debug] [2025-05-17T06:15:07.475Z] Checked if tokens are valid: true, expires at: 1747466078303
[debug] [2025-05-17T06:15:07.475Z] Checked if tokens are valid: true, expires at: 1747466078303
[debug] [2025-05-17T06:15:07.475Z] >>> [apiv2][query] GET https://cloudfunctions.googleapis.com/v2/projects/news-reader-444bf/locations/-/functions filter=environment%3D%22GEN_2%22
[debug] [2025-05-17T06:15:08.023Z] <<< [apiv2][status] GET https://cloudfunctions.googleapis.com/v2/projects/news-reader-444bf/locations/-/functions 200
[debug] [2025-05-17T06:15:08.023Z] <<< [apiv2][body] GET https://cloudfunctions.googleapis.com/v2/projects/news-reader-444bf/locations/-/functions {"functions":[{"name":"projects/news-reader-444bf/locations/us-central1/functions/getNews","buildConfig":{"build":"projects/560319124551/locations/us-central1/builds/2762a13b-267e-4799-901b-1caf161d3ee5","runtime":"nodejs22","entryPoint":"getNews","source":{"storageSource":{"bucket":"gcf-v2-sources-560319124551-us-central1","object":"getNews/function-source.zip","generation":"1747461694053935"}},"environmentVariables":{"GOOGLE_NODE_RUN_SCRIPTS":""},"dockerRepository":"projects/news-reader-444bf/locations/us-central1/repositories/gcf-artifacts","sourceProvenance":{"resolvedStorageSource":{"bucket":"gcf-v2-sources-560319124551-us-central1","object":"getNews/function-source.zip","generation":"1747461694053935"}},"dockerRegistry":"ARTIFACT_REGISTRY","serviceAccount":"projects/news-reader-444bf/serviceAccounts/560319124551-compute@developer.gserviceaccount.com","automaticUpdatePolicy":{}},"state":"FAILED","updateTime":"2025-05-17T06:02:44.317780135Z","labels":{"deployment-tool":"cli-firebase","firebase-functions-hash":"5fdde619d1e9ec89a27d905307cdbd88ad580618"},"stateMessages":[{"severity":"ERROR","type":"CloudRunServiceNotFound","message":"Cloud Run service projects/news-reader-444bf/locations/us-central1/services/getnews for the function was not found. The function will not work correctly. Please redeploy."}],"environment":"GEN_2","url":"https://us-central1-news-reader-444bf.cloudfunctions.net/getNews","createTime":"2025-05-17T06:01:34.390944628Z","satisfiesPzi":true}]}
[info] i  functions: ensuring required API run.googleapis.com is enabled... 
[debug] [2025-05-17T06:15:08.026Z] Checked if tokens are valid: true, expires at: 1747466078303
[debug] [2025-05-17T06:15:08.026Z] Checked if tokens are valid: true, expires at: 1747466078303
[info] i  functions: ensuring required API eventarc.googleapis.com is enabled... 
[debug] [2025-05-17T06:15:08.027Z] Checked if tokens are valid: true, expires at: 1747466078303
[debug] [2025-05-17T06:15:08.027Z] Checked if tokens are valid: true, expires at: 1747466078303
[info] i  functions: ensuring required API pubsub.googleapis.com is enabled... 
[debug] [2025-05-17T06:15:08.027Z] Checked if tokens are valid: true, expires at: 1747466078303
[debug] [2025-05-17T06:15:08.027Z] Checked if tokens are valid: true, expires at: 1747466078303
[info] i  functions: ensuring required API storage.googleapis.com is enabled... 
[debug] [2025-05-17T06:15:08.028Z] Checked if tokens are valid: true, expires at: 1747466078303
[debug] [2025-05-17T06:15:08.028Z] Checked if tokens are valid: true, expires at: 1747466078303
[debug] [2025-05-17T06:15:08.028Z] >>> [apiv2][query] GET https://serviceusage.googleapis.com/v1/projects/560319124551/services/run.googleapis.com [none]
[debug] [2025-05-17T06:15:08.028Z] >>> [apiv2][(partial)header] GET https://serviceusage.googleapis.com/v1/projects/560319124551/services/run.googleapis.com x-goog-quota-user=projects/560319124551
[debug] [2025-05-17T06:15:08.028Z] >>> [apiv2][query] GET https://serviceusage.googleapis.com/v1/projects/560319124551/services/eventarc.googleapis.com [none]
[debug] [2025-05-17T06:15:08.028Z] >>> [apiv2][(partial)header] GET https://serviceusage.googleapis.com/v1/projects/560319124551/services/eventarc.googleapis.com x-goog-quota-user=projects/560319124551
[debug] [2025-05-17T06:15:08.030Z] >>> [apiv2][query] GET https://serviceusage.googleapis.com/v1/projects/560319124551/services/pubsub.googleapis.com [none]
[debug] [2025-05-17T06:15:08.030Z] >>> [apiv2][(partial)header] GET https://serviceusage.googleapis.com/v1/projects/560319124551/services/pubsub.googleapis.com x-goog-quota-user=projects/560319124551
[debug] [2025-05-17T06:15:08.031Z] >>> [apiv2][query] GET https://serviceusage.googleapis.com/v1/projects/560319124551/services/storage.googleapis.com [none]
[debug] [2025-05-17T06:15:08.031Z] >>> [apiv2][(partial)header] GET https://serviceusage.googleapis.com/v1/projects/560319124551/services/storage.googleapis.com x-goog-quota-user=projects/560319124551
[debug] [2025-05-17T06:15:08.179Z] <<< [apiv2][status] GET https://serviceusage.googleapis.com/v1/projects/560319124551/services/run.googleapis.com 200
[debug] [2025-05-17T06:15:08.180Z] <<< [apiv2][body] GET https://serviceusage.googleapis.com/v1/projects/560319124551/services/run.googleapis.com [omitted]
[info] +  functions: required API run.googleapis.com is enabled 
[debug] [2025-05-17T06:15:08.246Z] <<< [apiv2][status] GET https://serviceusage.googleapis.com/v1/projects/560319124551/services/eventarc.googleapis.com 200
[debug] [2025-05-17T06:15:08.246Z] <<< [apiv2][body] GET https://serviceusage.googleapis.com/v1/projects/560319124551/services/eventarc.googleapis.com [omitted]
[info] +  functions: required API eventarc.googleapis.com is enabled 
[debug] [2025-05-17T06:15:08.409Z] <<< [apiv2][status] GET https://serviceusage.googleapis.com/v1/projects/560319124551/services/pubsub.googleapis.com 200
[debug] [2025-05-17T06:15:08.409Z] <<< [apiv2][body] GET https://serviceusage.googleapis.com/v1/projects/560319124551/services/pubsub.googleapis.com [omitted]
[info] +  functions: required API pubsub.googleapis.com is enabled 
[debug] [2025-05-17T06:15:08.424Z] <<< [apiv2][status] GET https://serviceusage.googleapis.com/v1/projects/560319124551/services/storage.googleapis.com 200
[debug] [2025-05-17T06:15:08.424Z] <<< [apiv2][body] GET https://serviceusage.googleapis.com/v1/projects/560319124551/services/storage.googleapis.com [omitted]
[info] +  functions: required API storage.googleapis.com is enabled 
[info] i  functions: generating the service identity for pubsub.googleapis.com... 
[debug] [2025-05-17T06:15:08.425Z] Checked if tokens are valid: true, expires at: 1747466078303
[debug] [2025-05-17T06:15:08.425Z] Checked if tokens are valid: true, expires at: 1747466078303
[info] i  functions: generating the service identity for eventarc.googleapis.com... 
[debug] [2025-05-17T06:15:08.425Z] Checked if tokens are valid: true, expires at: 1747466078303
[debug] [2025-05-17T06:15:08.426Z] Checked if tokens are valid: true, expires at: 1747466078303
[debug] [2025-05-17T06:15:08.426Z] >>> [apiv2][query] POST https://serviceusage.googleapis.com/v1beta1/projects/560319124551/services/pubsub.googleapis.com:generateServiceIdentity [none]
[debug] [2025-05-17T06:15:08.426Z] >>> [apiv2][query] POST https://serviceusage.googleapis.com/v1beta1/projects/560319124551/services/eventarc.googleapis.com:generateServiceIdentity [none]
[debug] [2025-05-17T06:15:08.605Z] <<< [apiv2][status] POST https://serviceusage.googleapis.com/v1beta1/projects/560319124551/services/pubsub.googleapis.com:generateServiceIdentity 200
[debug] [2025-05-17T06:15:08.605Z] <<< [apiv2][body] POST https://serviceusage.googleapis.com/v1beta1/projects/560319124551/services/pubsub.googleapis.com:generateServiceIdentity {"name":"operations/finished.DONE_OPERATION","done":true,"response":{"@type":"type.googleapis.com/google.api.serviceusage.v1beta1.ServiceIdentity","email":"service-560319124551@gcp-sa-pubsub.iam.gserviceaccount.com","uniqueId":"104347844069097074833"}}
[debug] [2025-05-17T06:15:08.648Z] <<< [apiv2][status] POST https://serviceusage.googleapis.com/v1beta1/projects/560319124551/services/eventarc.googleapis.com:generateServiceIdentity 200
[debug] [2025-05-17T06:15:08.648Z] <<< [apiv2][body] POST https://serviceusage.googleapis.com/v1beta1/projects/560319124551/services/eventarc.googleapis.com:generateServiceIdentity {"name":"operations/finished.DONE_OPERATION","done":true,"response":{"@type":"type.googleapis.com/google.api.serviceusage.v1beta1.ServiceIdentity","email":"service-560319124551@gcp-sa-eventarc.iam.gserviceaccount.com","uniqueId":"103734091010282036649"}}
[debug] [2025-05-17T06:15:08.650Z] Checked if tokens are valid: true, expires at: 1747466078303
[debug] [2025-05-17T06:15:08.650Z] Checked if tokens are valid: true, expires at: 1747466078303
[debug] [2025-05-17T06:15:08.650Z] >>> [apiv2][query] GET https://serviceusage.googleapis.com/v1/projects/news-reader-444bf/services/cloudresourcemanager.googleapis.com [none]
[debug] [2025-05-17T06:15:08.650Z] >>> [apiv2][(partial)header] GET https://serviceusage.googleapis.com/v1/projects/news-reader-444bf/services/cloudresourcemanager.googleapis.com x-goog-quota-user=projects/news-reader-444bf
[debug] [2025-05-17T06:15:08.816Z] <<< [apiv2][status] GET https://serviceusage.googleapis.com/v1/projects/news-reader-444bf/services/cloudresourcemanager.googleapis.com 200
[debug] [2025-05-17T06:15:08.816Z] <<< [apiv2][body] GET https://serviceusage.googleapis.com/v1/projects/news-reader-444bf/services/cloudresourcemanager.googleapis.com [omitted]
[debug] [2025-05-17T06:15:08.817Z] Checked if tokens are valid: true, expires at: 1747466078303
[debug] [2025-05-17T06:15:08.817Z] Checked if tokens are valid: true, expires at: 1747466078303
[debug] [2025-05-17T06:15:08.817Z] >>> [apiv2][query] GET https://cloudresourcemanager.googleapis.com/v1/projects/news-reader-444bf [none]
[debug] [2025-05-17T06:15:08.926Z] <<< [apiv2][status] GET https://cloudresourcemanager.googleapis.com/v1/projects/news-reader-444bf 200
[debug] [2025-05-17T06:15:08.926Z] <<< [apiv2][body] GET https://cloudresourcemanager.googleapis.com/v1/projects/news-reader-444bf {"projectNumber":"560319124551","projectId":"news-reader-444bf","lifecycleState":"ACTIVE","name":"news-reader","labels":{"firebase":"enabled","firebase-core":"disabled"},"createTime":"2025-05-17T04:36:31.885518Z"}
[debug] [2025-05-17T06:15:08.927Z] Checked if tokens are valid: true, expires at: 1747466078303
[debug] [2025-05-17T06:15:08.927Z] Checked if tokens are valid: true, expires at: 1747466078303
[debug] [2025-05-17T06:15:08.927Z] >>> [apiv2][query] GET https://compute.googleapis.com/compute/v1/projects/560319124551 [none]
[debug] [2025-05-17T06:15:09.095Z] <<< [apiv2][status] GET https://compute.googleapis.com/compute/v1/projects/560319124551 403
[debug] [2025-05-17T06:15:09.095Z] <<< [apiv2][body] GET https://compute.googleapis.com/compute/v1/projects/560319124551 {"error":{"code":403,"message":"Compute Engine API has not been used in project 560319124551 before or it is disabled. Enable it by visiting https://console.developers.google.com/apis/api/compute.googleapis.com/overview?project=560319124551 then retry. If you enabled this API recently, wait a few minutes for the action to propagate to our systems and retry.","errors":[{"message":"Compute Engine API has not been used in project 560319124551 before or it is disabled. Enable it by visiting https://console.developers.google.com/apis/api/compute.googleapis.com/overview?project=560319124551 then retry. If you enabled this API recently, wait a few minutes for the action to propagate to our systems and retry.","domain":"usageLimits","reason":"accessNotConfigured","extendedHelp":"https://console.developers.google.com"}],"status":"PERMISSION_DENIED","details":[{"@type":"type.googleapis.com/google.rpc.ErrorInfo","reason":"SERVICE_DISABLED","domain":"googleapis.com","metadata":{"serviceTitle":"Compute Engine API","activationUrl":"https://console.developers.google.com/apis/api/compute.googleapis.com/overview?project=560319124551","consumer":"projects/560319124551","service":"compute.googleapis.com","containerInfo":"560319124551"}},{"@type":"type.googleapis.com/google.rpc.LocalizedMessage","locale":"en-US","message":"Compute Engine API has not been used in project 560319124551 before or it is disabled. Enable it by visiting https://console.developers.google.com/apis/api/compute.googleapis.com/overview?project=560319124551 then retry. If you enabled this API recently, wait a few minutes for the action to propagate to our systems and retry."},{"@type":"type.googleapis.com/google.rpc.Help","links":[{"description":"Google developers console API activation","url":"https://console.developers.google.com/apis/api/compute.googleapis.com/overview?project=560319124551"}]}]}}
[debug] [2025-05-17T06:15:09.096Z] unable to look up default compute service account. Falling back to 560319124551-compute@developer.gserviceaccount.com. Error: {"name":"FirebaseError","children":[],"context":{"body":{"error":{"code":403,"message":"Compute Engine API has not been used in project 560319124551 before or it is disabled. Enable it by visiting https://console.developers.google.com/apis/api/compute.googleapis.com/overview?project=560319124551 then retry. If you enabled this API recently, wait a few minutes for the action to propagate to our systems and retry.","errors":[{"message":"Compute Engine API has not been used in project 560319124551 before or it is disabled. Enable it by visiting https://console.developers.google.com/apis/api/compute.googleapis.com/overview?project=560319124551 then retry. If you enabled this API recently, wait a few minutes for the action to propagate to our systems and retry.","domain":"usageLimits","reason":"accessNotConfigured","extendedHelp":"https://console.developers.google.com"}],"status":"PERMISSION_DENIED","details":[{"@type":"type.googleapis.com/google.rpc.ErrorInfo","reason":"SERVICE_DISABLED","domain":"googleapis.com","metadata":{"serviceTitle":"Compute Engine API","activationUrl":"https://console.developers.google.com/apis/api/compute.googleapis.com/overview?project=560319124551","consumer":"projects/560319124551","service":"compute.googleapis.com","containerInfo":"560319124551"}},{"@type":"type.googleapis.com/google.rpc.LocalizedMessage","locale":"en-US","message":"Compute Engine API has not been used in project 560319124551 before or it is disabled. Enable it by visiting https://console.developers.google.com/apis/api/compute.googleapis.com/overview?project=560319124551 then retry. If you enabled this API recently, wait a few minutes for the action to propagate to our systems and retry."},{"@type":"type.googleapis.com/google.rpc.Help","links":[{"description":"Google developers console API activation","url":"https://console.developers.google.com/apis/api/compute.googleapis.com/overview?project=560319124551"}]}]}},"response":{"statusCode":403}},"exit":1,"message":"Request to https://compute.googleapis.com/compute/v1/projects/560319124551 had HTTP Error: 403, Compute Engine API has not been used in project 560319124551 before or it is disabled. Enable it by visiting https://console.developers.google.com/apis/api/compute.googleapis.com/overview?project=560319124551 then retry. If you enabled this API recently, wait a few minutes for the action to propagate to our systems and retry.","status":403}
[debug] [2025-05-17T06:15:09.096Z] Checked if tokens are valid: true, expires at: 1747466078303
[debug] [2025-05-17T06:15:09.096Z] Checked if tokens are valid: true, expires at: 1747466078303
[debug] [2025-05-17T06:15:09.096Z] >>> [apiv2][query] GET https://compute.googleapis.com/compute/v1/projects/560319124551 [none]
[debug] [2025-05-17T06:15:09.195Z] <<< [apiv2][status] GET https://compute.googleapis.com/compute/v1/projects/560319124551 403
[debug] [2025-05-17T06:15:09.196Z] <<< [apiv2][body] GET https://compute.googleapis.com/compute/v1/projects/560319124551 {"error":{"code":403,"message":"Compute Engine API has not been used in project 560319124551 before or it is disabled. Enable it by visiting https://console.developers.google.com/apis/api/compute.googleapis.com/overview?project=560319124551 then retry. If you enabled this API recently, wait a few minutes for the action to propagate to our systems and retry.","errors":[{"message":"Compute Engine API has not been used in project 560319124551 before or it is disabled. Enable it by visiting https://console.developers.google.com/apis/api/compute.googleapis.com/overview?project=560319124551 then retry. If you enabled this API recently, wait a few minutes for the action to propagate to our systems and retry.","domain":"usageLimits","reason":"accessNotConfigured","extendedHelp":"https://console.developers.google.com"}],"status":"PERMISSION_DENIED","details":[{"@type":"type.googleapis.com/google.rpc.ErrorInfo","reason":"SERVICE_DISABLED","domain":"googleapis.com","metadata":{"containerInfo":"560319124551","service":"compute.googleapis.com","consumer":"projects/560319124551","serviceTitle":"Compute Engine API","activationUrl":"https://console.developers.google.com/apis/api/compute.googleapis.com/overview?project=560319124551"}},{"@type":"type.googleapis.com/google.rpc.LocalizedMessage","locale":"en-US","message":"Compute Engine API has not been used in project 560319124551 before or it is disabled. Enable it by visiting https://console.developers.google.com/apis/api/compute.googleapis.com/overview?project=560319124551 then retry. If you enabled this API recently, wait a few minutes for the action to propagate to our systems and retry."},{"@type":"type.googleapis.com/google.rpc.Help","links":[{"description":"Google developers console API activation","url":"https://console.developers.google.com/apis/api/compute.googleapis.com/overview?project=560319124551"}]}]}}
[debug] [2025-05-17T06:15:09.196Z] unable to look up default compute service account. Falling back to 560319124551-compute@developer.gserviceaccount.com. Error: {"name":"FirebaseError","children":[],"context":{"body":{"error":{"code":403,"message":"Compute Engine API has not been used in project 560319124551 before or it is disabled. Enable it by visiting https://console.developers.google.com/apis/api/compute.googleapis.com/overview?project=560319124551 then retry. If you enabled this API recently, wait a few minutes for the action to propagate to our systems and retry.","errors":[{"message":"Compute Engine API has not been used in project 560319124551 before or it is disabled. Enable it by visiting https://console.developers.google.com/apis/api/compute.googleapis.com/overview?project=560319124551 then retry. If you enabled this API recently, wait a few minutes for the action to propagate to our systems and retry.","domain":"usageLimits","reason":"accessNotConfigured","extendedHelp":"https://console.developers.google.com"}],"status":"PERMISSION_DENIED","details":[{"@type":"type.googleapis.com/google.rpc.ErrorInfo","reason":"SERVICE_DISABLED","domain":"googleapis.com","metadata":{"containerInfo":"560319124551","service":"compute.googleapis.com","consumer":"projects/560319124551","serviceTitle":"Compute Engine API","activationUrl":"https://console.developers.google.com/apis/api/compute.googleapis.com/overview?project=560319124551"}},{"@type":"type.googleapis.com/google.rpc.LocalizedMessage","locale":"en-US","message":"Compute Engine API has not been used in project 560319124551 before or it is disabled. Enable it by visiting https://console.developers.google.com/apis/api/compute.googleapis.com/overview?project=560319124551 then retry. If you enabled this API recently, wait a few minutes for the action to propagate to our systems and retry."},{"@type":"type.googleapis.com/google.rpc.Help","links":[{"description":"Google developers console API activation","url":"https://console.developers.google.com/apis/api/compute.googleapis.com/overview?project=560319124551"}]}]}},"response":{"statusCode":403}},"exit":1,"message":"Request to https://compute.googleapis.com/compute/v1/projects/560319124551 had HTTP Error: 403, Compute Engine API has not been used in project 560319124551 before or it is disabled. Enable it by visiting https://console.developers.google.com/apis/api/compute.googleapis.com/overview?project=560319124551 then retry. If you enabled this API recently, wait a few minutes for the action to propagate to our systems and retry.","status":403}
[debug] [2025-05-17T06:15:09.197Z] Checked if tokens are valid: true, expires at: 1747466078303
[debug] [2025-05-17T06:15:09.197Z] Checked if tokens are valid: true, expires at: 1747466078303
[debug] [2025-05-17T06:15:09.197Z] >>> [apiv2][query] GET https://cloudbilling.googleapis.com/v1/projects/news-reader-444bf/billingInfo [none]
[debug] [2025-05-17T06:15:09.564Z] <<< [apiv2][status] GET https://cloudbilling.googleapis.com/v1/projects/news-reader-444bf/billingInfo 200
[debug] [2025-05-17T06:15:09.564Z] <<< [apiv2][body] GET https://cloudbilling.googleapis.com/v1/projects/news-reader-444bf/billingInfo {"name":"projects/news-reader-444bf/billingInfo","projectId":"news-reader-444bf","billingAccountName":"billingAccounts/01B311-5FCBB0-FAF94A","billingEnabled":true}
[debug] [2025-05-17T06:15:09.565Z] Checked if tokens are valid: true, expires at: 1747466078303
[debug] [2025-05-17T06:15:09.565Z] Checked if tokens are valid: true, expires at: 1747466078303
[debug] [2025-05-17T06:15:09.566Z] >>> [apiv2][query] POST https://cloudfunctions.googleapis.com/v2/projects/news-reader-444bf/locations/us-central1/functions:generateUploadUrl [none]
[debug] [2025-05-17T06:15:09.761Z] <<< [apiv2][status] POST https://cloudfunctions.googleapis.com/v2/projects/news-reader-444bf/locations/us-central1/functions:generateUploadUrl 200
[debug] [2025-05-17T06:15:09.761Z] <<< [apiv2][body] POST https://cloudfunctions.googleapis.com/v2/projects/news-reader-444bf/locations/us-central1/functions:generateUploadUrl {"uploadUrl":"https://storage.googleapis.com/gcf-v2-uploads-560319124551.us-central1.cloudfunctions.appspot.com/793fbba7-a6a3-49b8-96ba-50854b597e19.zip?GoogleAccessId=service-560319124551@gcf-admin-robot.iam.gserviceaccount.com&Expires=1747464309&Signature=cmtYD8ygHDYbjrmQWSaf%2FpHWNrLXZ9SgLjI58oGe3HPyWX47PFZ2oYPdPVQkpXfCUiDUr%2B5l5v4ZuId37cZNrBm4rQCiQOjiBGcthf%2BstxpCq6GLr4gTq%2Fqk89Nxe1N%2FLGhFopE7QaVnJW2TpNxowfW0wp%2FXiCrxs8RRrY2kHaSe0ta1wNhnQODZMPMdxLdLG9IriUYUyuEQ%2FwUWh%2F9kDQmCNYVz2ZhSsQtrIouQmlSVNt4o3qdwmz2TZDyJZHkqJujhNFfuNM9wczTcqEsU42pRDec6S%2FkvWXSE3BgtNV7FFjmegIfWqsEQ0oOqEu2gvRqt2p6yjAsFsmbIA7AwBA%3D%3D","storageSource":{"bucket":"gcf-v2-uploads-560319124551.us-central1.cloudfunctions.appspot.com","object":"793fbba7-a6a3-49b8-96ba-50854b597e19.zip"}}
[debug] [2025-05-17T06:15:09.762Z] >>> [apiv2][query] PUT https://storage.googleapis.com/gcf-v2-uploads-560319124551.us-central1.cloudfunctions.appspot.com/793fbba7-a6a3-49b8-96ba-50854b597e19.zip GoogleAccessId=service-560319124551%40gcf-admin-robot.iam.gserviceaccount.com&Expires=1747464309&Signature=cmtYD8ygHDYbjrmQWSaf%2FpHWNrLXZ9SgLjI58oGe3HPyWX47PFZ2oYPdPVQkpXfCUiDUr%2B5l5v4ZuId37cZNrBm4rQCiQOjiBGcthf%2BstxpCq6GLr4gTq%2Fqk89Nxe1N%2FLGhFopE7QaVnJW2TpNxowfW0wp%2FXiCrxs8RRrY2kHaSe0ta1wNhnQODZMPMdxLdLG9IriUYUyuEQ%2FwUWh%2F9kDQmCNYVz2ZhSsQtrIouQmlSVNt4o3qdwmz2TZDyJZHkqJujhNFfuNM9wczTcqEsU42pRDec6S%2FkvWXSE3BgtNV7FFjmegIfWqsEQ0oOqEu2gvRqt2p6yjAsFsmbIA7AwBA%3D%3D
[debug] [2025-05-17T06:15:09.762Z] >>> [apiv2][body] PUT https://storage.googleapis.com/gcf-v2-uploads-560319124551.us-central1.cloudfunctions.appspot.com/793fbba7-a6a3-49b8-96ba-50854b597e19.zip [stream]
[debug] [2025-05-17T06:15:10.098Z] <<< [apiv2][status] PUT https://storage.googleapis.com/gcf-v2-uploads-560319124551.us-central1.cloudfunctions.appspot.com/793fbba7-a6a3-49b8-96ba-50854b597e19.zip 200
[debug] [2025-05-17T06:15:10.098Z] <<< [apiv2][body] PUT https://storage.googleapis.com/gcf-v2-uploads-560319124551.us-central1.cloudfunctions.appspot.com/793fbba7-a6a3-49b8-96ba-50854b597e19.zip [omitted]
[info] +  functions: functions folder uploaded successfully 
[info] i  functions: updating Node.js 22 (2nd Gen) function getNews(us-central1)... 
[debug] [2025-05-17T06:15:10.105Z] Checked if tokens are valid: true, expires at: 1747466078303
[debug] [2025-05-17T06:15:10.105Z] Checked if tokens are valid: true, expires at: 1747466078303
[debug] [2025-05-17T06:15:10.105Z] >>> [apiv2][query] PATCH https://cloudfunctions.googleapis.com/v2/projects/news-reader-444bf/locations/us-central1/functions/getNews updateMask=name%2CbuildConfig.runtime%2CbuildConfig.entryPoint%2CbuildConfig.source.storageSource.bucket%2CbuildConfig.source.storageSource.object%2CbuildConfig.environmentVariables%2CbuildConfig.sourceToken%2CserviceConfig.environmentVariables%2CserviceConfig.ingressSettings%2CserviceConfig.timeoutSeconds%2CserviceConfig.serviceAccountEmail%2CserviceConfig.availableMemory%2CserviceConfig.minInstanceCount%2CserviceConfig.maxInstanceCount%2CserviceConfig.maxInstanceRequestConcurrency%2CserviceConfig.availableCpu%2CserviceConfig.vpcConnector%2CserviceConfig.vpcConnectorEgressSettings%2Clabels
[debug] [2025-05-17T06:15:10.105Z] >>> [apiv2][body] PATCH https://cloudfunctions.googleapis.com/v2/projects/news-reader-444bf/locations/us-central1/functions/getNews {"name":"projects/news-reader-444bf/locations/us-central1/functions/getNews","buildConfig":{"runtime":"nodejs22","entryPoint":"getNews","source":{"storageSource":{"bucket":"gcf-v2-uploads-560319124551.us-central1.cloudfunctions.appspot.com","object":"793fbba7-a6a3-49b8-96ba-50854b597e19.zip"}},"environmentVariables":{"GOOGLE_NODE_RUN_SCRIPTS":""}},"serviceConfig":{"environmentVariables":{"FIREBASE_CONFIG":"{\"projectId\":\"news-reader-444bf\",\"storageBucket\":\"news-reader-444bf.firebasestorage.app\"}","GCLOUD_PROJECT":"news-reader-444bf","EVENTARC_CLOUD_EVENT_SOURCE":"projects/news-reader-444bf/locations/us-central1/services/getNews","FUNCTION_TARGET":"getNews","LOG_EXECUTION_ID":"true"},"ingressSettings":null,"timeoutSeconds":null,"serviceAccountEmail":null,"availableMemory":"256Mi","minInstanceCount":null,"maxInstanceCount":null,"maxInstanceRequestConcurrency":80,"availableCpu":"1","vpcConnector":null,"vpcConnectorEgressSettings":null},"labels":{"deployment-tool":"cli-firebase","firebase-functions-hash":"5fdde619d1e9ec89a27d905307cdbd88ad580618"}}
[debug] [2025-05-17T06:15:11.052Z] <<< [apiv2][status] PATCH https://cloudfunctions.googleapis.com/v2/projects/news-reader-444bf/locations/us-central1/functions/getNews 200
[debug] [2025-05-17T06:15:11.052Z] <<< [apiv2][body] PATCH https://cloudfunctions.googleapis.com/v2/projects/news-reader-444bf/locations/us-central1/functions/getNews {"name":"projects/news-reader-444bf/locations/us-central1/operations/operation-1747462510279-6354ed22efb3f-d9f52e14-ce4b90af","metadata":{"@type":"type.googleapis.com/google.cloud.functions.v2.OperationMetadata","createTime":"2025-05-17T06:15:11.083013614Z","target":"projects/news-reader-444bf/locations/us-central1/functions/getNews","verb":"update","cancelRequested":false,"apiVersion":"v2"},"done":false}
[debug] [2025-05-17T06:15:11.053Z] Checked if tokens are valid: true, expires at: 1747466078303
[debug] [2025-05-17T06:15:11.053Z] Checked if tokens are valid: true, expires at: 1747466078303
[debug] [2025-05-17T06:15:11.054Z] >>> [apiv2][query] GET https://cloudfunctions.googleapis.com/v2/projects/news-reader-444bf/locations/us-central1/operations/operation-1747462510279-6354ed22efb3f-d9f52e14-ce4b90af [none]
[debug] [2025-05-17T06:15:11.150Z] <<< [apiv2][status] GET https://cloudfunctions.googleapis.com/v2/projects/news-reader-444bf/locations/us-central1/operations/operation-1747462510279-6354ed22efb3f-d9f52e14-ce4b90af 200
[debug] [2025-05-17T06:15:11.150Z] <<< [apiv2][body] GET https://cloudfunctions.googleapis.com/v2/projects/news-reader-444bf/locations/us-central1/operations/operation-1747462510279-6354ed22efb3f-d9f52e14-ce4b90af {"name":"projects/news-reader-444bf/locations/us-central1/operations/operation-1747462510279-6354ed22efb3f-d9f52e14-ce4b90af","metadata":{"@type":"type.googleapis.com/google.cloud.functions.v2.OperationMetadata","createTime":"2025-05-17T06:15:11.083013614Z","target":"projects/news-reader-444bf/locations/us-central1/functions/getNews","verb":"update","cancelRequested":false,"apiVersion":"v2"},"done":false}
[debug] [2025-05-17T06:15:11.665Z] [update-default-us-central1-getNews] Retrying task index 0
[debug] [2025-05-17T06:15:11.666Z] Checked if tokens are valid: true, expires at: 1747466078303
[debug] [2025-05-17T06:15:11.666Z] Checked if tokens are valid: true, expires at: 1747466078303
[debug] [2025-05-17T06:15:11.666Z] >>> [apiv2][query] GET https://cloudfunctions.googleapis.com/v2/projects/news-reader-444bf/locations/us-central1/operations/operation-1747462510279-6354ed22efb3f-d9f52e14-ce4b90af [none]
[debug] [2025-05-17T06:15:11.788Z] <<< [apiv2][status] GET https://cloudfunctions.googleapis.com/v2/projects/news-reader-444bf/locations/us-central1/operations/operation-1747462510279-6354ed22efb3f-d9f52e14-ce4b90af 200
[debug] [2025-05-17T06:15:11.788Z] <<< [apiv2][body] GET https://cloudfunctions.googleapis.com/v2/projects/news-reader-444bf/locations/us-central1/operations/operation-1747462510279-6354ed22efb3f-d9f52e14-ce4b90af {"name":"projects/news-reader-444bf/locations/us-central1/operations/operation-1747462510279-6354ed22efb3f-d9f52e14-ce4b90af","metadata":{"@type":"type.googleapis.com/google.cloud.functions.v2.OperationMetadata","createTime":"2025-05-17T06:15:11.083013614Z","target":"projects/news-reader-444bf/locations/us-central1/functions/getNews","verb":"update","cancelRequested":false,"apiVersion":"v2","requestResource":{"@type":"type.googleapis.com/google.cloud.functions.v2.Function","name":"projects/news-reader-444bf/locations/us-central1/functions/getNews","buildConfig":{"runtime":"nodejs22","entryPoint":"getNews","source":{"storageSource":{"bucket":"gcf-v2-sources-560319124551-us-central1","object":"getNews/function-source.zip","generation":"1747462511001847"}},"environmentVariables":{"GOOGLE_NODE_RUN_SCRIPTS":""},"dockerRepository":"projects/news-reader-444bf/locations/us-central1/repositories/gcf-artifacts","sourceProvenance":{"resolvedStorageSource":{"bucket":"gcf-v2-sources-560319124551-us-central1","object":"getNews/function-source.zip","generation":"1747461694053935"}},"dockerRegistry":"ARTIFACT_REGISTRY","serviceAccount":"projects/news-reader-444bf/serviceAccounts/560319124551-compute@developer.gserviceaccount.com","automaticUpdatePolicy":{}},"serviceConfig":{"service":"projects/news-reader-444bf/locations/us-central1/services/getnews","timeoutSeconds":60,"environmentVariables":{"FIREBASE_CONFIG":"{\"projectId\":\"news-reader-444bf\",\"storageBucket\":\"news-reader-444bf.firebasestorage.app\"}","GCLOUD_PROJECT":"news-reader-444bf","EVENTARC_CLOUD_EVENT_SOURCE":"projects/news-reader-444bf/locations/us-central1/services/getNews","FUNCTION_TARGET":"getNews","LOG_EXECUTION_ID":"true"},"ingressSettings":"ALLOW_ALL","serviceAccountEmail":"560319124551-compute@developer.gserviceaccount.com","availableMemory":"256Mi","maxInstanceRequestConcurrency":80,"availableCpu":"1"},"state":"FAILED","labels":{"firebase-functions-hash":"5fdde619d1e9ec89a27d905307cdbd88ad580618"},"stateMessages":[{"severity":"ERROR","type":"CloudRunServiceNotFound","message":"Cloud Run service projects/news-reader-444bf/locations/us-central1/services/getnews for the function was not found. The function will not work correctly. Please redeploy."}],"environment":"GEN_2","url":"https://us-central1-news-reader-444bf.cloudfunctions.net/getNews","satisfiesPzi":true},"stages":[{"name":"BUILD","state":"NOT_STARTED"},{"name":"SERVICE","state":"NOT_STARTED"}],"operationType":"UPDATE_FUNCTION"},"done":false}
[debug] [2025-05-17T06:15:12.788Z] [update-default-us-central1-getNews] Retrying task index 0
[debug] [2025-05-17T06:15:12.789Z] Checked if tokens are valid: true, expires at: 1747466078303
[debug] [2025-05-17T06:15:12.789Z] Checked if tokens are valid: true, expires at: 1747466078303
[debug] [2025-05-17T06:15:12.789Z] >>> [apiv2][query] GET https://cloudfunctions.googleapis.com/v2/projects/news-reader-444bf/locations/us-central1/operations/operation-1747462510279-6354ed22efb3f-d9f52e14-ce4b90af [none]
[debug] [2025-05-17T06:15:13.117Z] <<< [apiv2][status] GET https://cloudfunctions.googleapis.com/v2/projects/news-reader-444bf/locations/us-central1/operations/operation-1747462510279-6354ed22efb3f-d9f52e14-ce4b90af 200
[debug] [2025-05-17T06:15:13.117Z] <<< [apiv2][body] GET https://cloudfunctions.googleapis.com/v2/projects/news-reader-444bf/locations/us-central1/operations/operation-1747462510279-6354ed22efb3f-d9f52e14-ce4b90af {"name":"projects/news-reader-444bf/locations/us-central1/operations/operation-1747462510279-6354ed22efb3f-d9f52e14-ce4b90af","metadata":{"@type":"type.googleapis.com/google.cloud.functions.v2.OperationMetadata","createTime":"2025-05-17T06:15:11.083013614Z","target":"projects/news-reader-444bf/locations/us-central1/functions/getNews","verb":"update","cancelRequested":false,"apiVersion":"v2","requestResource":{"@type":"type.googleapis.com/google.cloud.functions.v2.Function","name":"projects/news-reader-444bf/locations/us-central1/functions/getNews","buildConfig":{"runtime":"nodejs22","entryPoint":"getNews","source":{"storageSource":{"bucket":"gcf-v2-sources-560319124551-us-central1","object":"getNews/function-source.zip","generation":"1747462511001847"}},"environmentVariables":{"GOOGLE_NODE_RUN_SCRIPTS":""},"dockerRepository":"projects/news-reader-444bf/locations/us-central1/repositories/gcf-artifacts","sourceProvenance":{"resolvedStorageSource":{"bucket":"gcf-v2-sources-560319124551-us-central1","object":"getNews/function-source.zip","generation":"1747461694053935"}},"dockerRegistry":"ARTIFACT_REGISTRY","serviceAccount":"projects/news-reader-444bf/serviceAccounts/560319124551-compute@developer.gserviceaccount.com","automaticUpdatePolicy":{}},"serviceConfig":{"service":"projects/news-reader-444bf/locations/us-central1/services/getnews","timeoutSeconds":60,"environmentVariables":{"FIREBASE_CONFIG":"{\"projectId\":\"news-reader-444bf\",\"storageBucket\":\"news-reader-444bf.firebasestorage.app\"}","GCLOUD_PROJECT":"news-reader-444bf","EVENTARC_CLOUD_EVENT_SOURCE":"projects/news-reader-444bf/locations/us-central1/services/getNews","FUNCTION_TARGET":"getNews","LOG_EXECUTION_ID":"true"},"ingressSettings":"ALLOW_ALL","serviceAccountEmail":"560319124551-compute@developer.gserviceaccount.com","availableMemory":"256Mi","maxInstanceRequestConcurrency":80,"availableCpu":"1"},"state":"FAILED","labels":{"firebase-functions-hash":"5fdde619d1e9ec89a27d905307cdbd88ad580618"},"stateMessages":[{"severity":"ERROR","type":"CloudRunServiceNotFound","message":"Cloud Run service projects/news-reader-444bf/locations/us-central1/services/getnews for the function was not found. The function will not work correctly. Please redeploy."}],"environment":"GEN_2","url":"https://us-central1-news-reader-444bf.cloudfunctions.net/getNews","satisfiesPzi":true},"stages":[{"name":"BUILD","message":"Build in progress","state":"IN_PROGRESS","resource":"projects/560319124551/locations/us-central1/builds/9db2e08b-cc3b-465e-918b-35d2770b7de1","resourceUri":"https://console.cloud.google.com/cloud-build/builds;region=us-central1/9db2e08b-cc3b-465e-918b-35d2770b7de1?project=560319124551"},{"name":"SERVICE","state":"NOT_STARTED"}],"operationType":"UPDATE_FUNCTION","buildName":"projects/560319124551/locations/us-central1/builds/9db2e08b-cc3b-465e-918b-35d2770b7de1"},"done":false}
[debug] [2025-05-17T06:15:15.125Z] [update-default-us-central1-getNews] Retrying task index 0
[debug] [2025-05-17T06:15:15.125Z] Checked if tokens are valid: true, expires at: 1747466078303
[debug] [2025-05-17T06:15:15.125Z] Checked if tokens are valid: true, expires at: 1747466078303
[debug] [2025-05-17T06:15:15.126Z] >>> [apiv2][query] GET https://cloudfunctions.googleapis.com/v2/projects/news-reader-444bf/locations/us-central1/operations/operation-1747462510279-6354ed22efb3f-d9f52e14-ce4b90af [none]
[debug] [2025-05-17T06:15:15.245Z] <<< [apiv2][status] GET https://cloudfunctions.googleapis.com/v2/projects/news-reader-444bf/locations/us-central1/operations/operation-1747462510279-6354ed22efb3f-d9f52e14-ce4b90af 200
[debug] [2025-05-17T06:15:15.245Z] <<< [apiv2][body] GET https://cloudfunctions.googleapis.com/v2/projects/news-reader-444bf/locations/us-central1/operations/operation-1747462510279-6354ed22efb3f-d9f52e14-ce4b90af {"name":"projects/news-reader-444bf/locations/us-central1/operations/operation-1747462510279-6354ed22efb3f-d9f52e14-ce4b90af","metadata":{"@type":"type.googleapis.com/google.cloud.functions.v2.OperationMetadata","createTime":"2025-05-17T06:15:11.083013614Z","target":"projects/news-reader-444bf/locations/us-central1/functions/getNews","verb":"update","cancelRequested":false,"apiVersion":"v2","requestResource":{"@type":"type.googleapis.com/google.cloud.functions.v2.Function","name":"projects/news-reader-444bf/locations/us-central1/functions/getNews","buildConfig":{"runtime":"nodejs22","entryPoint":"getNews","source":{"storageSource":{"bucket":"gcf-v2-sources-560319124551-us-central1","object":"getNews/function-source.zip","generation":"1747462511001847"}},"environmentVariables":{"GOOGLE_NODE_RUN_SCRIPTS":""},"dockerRepository":"projects/news-reader-444bf/locations/us-central1/repositories/gcf-artifacts","sourceProvenance":{"resolvedStorageSource":{"bucket":"gcf-v2-sources-560319124551-us-central1","object":"getNews/function-source.zip","generation":"1747461694053935"}},"dockerRegistry":"ARTIFACT_REGISTRY","serviceAccount":"projects/news-reader-444bf/serviceAccounts/560319124551-compute@developer.gserviceaccount.com","automaticUpdatePolicy":{}},"serviceConfig":{"service":"projects/news-reader-444bf/locations/us-central1/services/getnews","timeoutSeconds":60,"environmentVariables":{"FIREBASE_CONFIG":"{\"projectId\":\"news-reader-444bf\",\"storageBucket\":\"news-reader-444bf.firebasestorage.app\"}","GCLOUD_PROJECT":"news-reader-444bf","EVENTARC_CLOUD_EVENT_SOURCE":"projects/news-reader-444bf/locations/us-central1/services/getNews","FUNCTION_TARGET":"getNews","LOG_EXECUTION_ID":"true"},"ingressSettings":"ALLOW_ALL","serviceAccountEmail":"560319124551-compute@developer.gserviceaccount.com","availableMemory":"256Mi","maxInstanceRequestConcurrency":80,"availableCpu":"1"},"state":"FAILED","labels":{"firebase-functions-hash":"5fdde619d1e9ec89a27d905307cdbd88ad580618"},"stateMessages":[{"severity":"ERROR","type":"CloudRunServiceNotFound","message":"Cloud Run service projects/news-reader-444bf/locations/us-central1/services/getnews for the function was not found. The function will not work correctly. Please redeploy."}],"environment":"GEN_2","url":"https://us-central1-news-reader-444bf.cloudfunctions.net/getNews","satisfiesPzi":true},"stages":[{"name":"BUILD","message":"Build in progress","state":"IN_PROGRESS","resource":"projects/560319124551/locations/us-central1/builds/9db2e08b-cc3b-465e-918b-35d2770b7de1","resourceUri":"https://console.cloud.google.com/cloud-build/builds;region=us-central1/9db2e08b-cc3b-465e-918b-35d2770b7de1?project=560319124551"},{"name":"SERVICE","state":"NOT_STARTED"}],"operationType":"UPDATE_FUNCTION","buildName":"projects/560319124551/locations/us-central1/builds/9db2e08b-cc3b-465e-918b-35d2770b7de1"},"done":false}
[debug] [2025-05-17T06:15:19.252Z] [update-default-us-central1-getNews] Retrying task index 0
[debug] [2025-05-17T06:15:19.252Z] Checked if tokens are valid: true, expires at: 1747466078303
[debug] [2025-05-17T06:15:19.253Z] Checked if tokens are valid: true, expires at: 1747466078303
[debug] [2025-05-17T06:15:19.253Z] >>> [apiv2][query] GET https://cloudfunctions.googleapis.com/v2/projects/news-reader-444bf/locations/us-central1/operations/operation-1747462510279-6354ed22efb3f-d9f52e14-ce4b90af [none]
[debug] [2025-05-17T06:15:19.362Z] <<< [apiv2][status] GET https://cloudfunctions.googleapis.com/v2/projects/news-reader-444bf/locations/us-central1/operations/operation-1747462510279-6354ed22efb3f-d9f52e14-ce4b90af 200
[debug] [2025-05-17T06:15:19.362Z] <<< [apiv2][body] GET https://cloudfunctions.googleapis.com/v2/projects/news-reader-444bf/locations/us-central1/operations/operation-1747462510279-6354ed22efb3f-d9f52e14-ce4b90af {"name":"projects/news-reader-444bf/locations/us-central1/operations/operation-1747462510279-6354ed22efb3f-d9f52e14-ce4b90af","metadata":{"@type":"type.googleapis.com/google.cloud.functions.v2.OperationMetadata","createTime":"2025-05-17T06:15:11.083013614Z","target":"projects/news-reader-444bf/locations/us-central1/functions/getNews","verb":"update","cancelRequested":false,"apiVersion":"v2","requestResource":{"@type":"type.googleapis.com/google.cloud.functions.v2.Function","name":"projects/news-reader-444bf/locations/us-central1/functions/getNews","buildConfig":{"runtime":"nodejs22","entryPoint":"getNews","source":{"storageSource":{"bucket":"gcf-v2-sources-560319124551-us-central1","object":"getNews/function-source.zip","generation":"1747462511001847"}},"environmentVariables":{"GOOGLE_NODE_RUN_SCRIPTS":""},"dockerRepository":"projects/news-reader-444bf/locations/us-central1/repositories/gcf-artifacts","sourceProvenance":{"resolvedStorageSource":{"bucket":"gcf-v2-sources-560319124551-us-central1","object":"getNews/function-source.zip","generation":"1747461694053935"}},"dockerRegistry":"ARTIFACT_REGISTRY","serviceAccount":"projects/news-reader-444bf/serviceAccounts/560319124551-compute@developer.gserviceaccount.com","automaticUpdatePolicy":{}},"serviceConfig":{"service":"projects/news-reader-444bf/locations/us-central1/services/getnews","timeoutSeconds":60,"environmentVariables":{"FIREBASE_CONFIG":"{\"projectId\":\"news-reader-444bf\",\"storageBucket\":\"news-reader-444bf.firebasestorage.app\"}","GCLOUD_PROJECT":"news-reader-444bf","EVENTARC_CLOUD_EVENT_SOURCE":"projects/news-reader-444bf/locations/us-central1/services/getNews","FUNCTION_TARGET":"getNews","LOG_EXECUTION_ID":"true"},"ingressSettings":"ALLOW_ALL","serviceAccountEmail":"560319124551-compute@developer.gserviceaccount.com","availableMemory":"256Mi","maxInstanceRequestConcurrency":80,"availableCpu":"1"},"state":"FAILED","labels":{"firebase-functions-hash":"5fdde619d1e9ec89a27d905307cdbd88ad580618"},"stateMessages":[{"severity":"ERROR","type":"CloudRunServiceNotFound","message":"Cloud Run service projects/news-reader-444bf/locations/us-central1/services/getnews for the function was not found. The function will not work correctly. Please redeploy."}],"environment":"GEN_2","url":"https://us-central1-news-reader-444bf.cloudfunctions.net/getNews","satisfiesPzi":true},"stages":[{"name":"BUILD","message":"Build in progress","state":"IN_PROGRESS","resource":"projects/560319124551/locations/us-central1/builds/9db2e08b-cc3b-465e-918b-35d2770b7de1","resourceUri":"https://console.cloud.google.com/cloud-build/builds;region=us-central1/9db2e08b-cc3b-465e-918b-35d2770b7de1?project=560319124551"},{"name":"SERVICE","state":"NOT_STARTED"}],"operationType":"UPDATE_FUNCTION","buildName":"projects/560319124551/locations/us-central1/builds/9db2e08b-cc3b-465e-918b-35d2770b7de1"},"done":false}
[debug] [2025-05-17T06:15:27.363Z] [update-default-us-central1-getNews] Retrying task index 0
[debug] [2025-05-17T06:15:27.364Z] Checked if tokens are valid: true, expires at: 1747466078303
[debug] [2025-05-17T06:15:27.364Z] Checked if tokens are valid: true, expires at: 1747466078303
[debug] [2025-05-17T06:15:27.364Z] >>> [apiv2][query] GET https://cloudfunctions.googleapis.com/v2/projects/news-reader-444bf/locations/us-central1/operations/operation-1747462510279-6354ed22efb3f-d9f52e14-ce4b90af [none]
[debug] [2025-05-17T06:15:27.519Z] <<< [apiv2][status] GET https://cloudfunctions.googleapis.com/v2/projects/news-reader-444bf/locations/us-central1/operations/operation-1747462510279-6354ed22efb3f-d9f52e14-ce4b90af 200
[debug] [2025-05-17T06:15:27.519Z] <<< [apiv2][body] GET https://cloudfunctions.googleapis.com/v2/projects/news-reader-444bf/locations/us-central1/operations/operation-1747462510279-6354ed22efb3f-d9f52e14-ce4b90af {"name":"projects/news-reader-444bf/locations/us-central1/operations/operation-1747462510279-6354ed22efb3f-d9f52e14-ce4b90af","metadata":{"@type":"type.googleapis.com/google.cloud.functions.v2.OperationMetadata","createTime":"2025-05-17T06:15:11.083013614Z","target":"projects/news-reader-444bf/locations/us-central1/functions/getNews","verb":"update","cancelRequested":false,"apiVersion":"v2","requestResource":{"@type":"type.googleapis.com/google.cloud.functions.v2.Function","name":"projects/news-reader-444bf/locations/us-central1/functions/getNews","buildConfig":{"runtime":"nodejs22","entryPoint":"getNews","source":{"storageSource":{"bucket":"gcf-v2-sources-560319124551-us-central1","object":"getNews/function-source.zip","generation":"1747462511001847"}},"environmentVariables":{"GOOGLE_NODE_RUN_SCRIPTS":""},"dockerRepository":"projects/news-reader-444bf/locations/us-central1/repositories/gcf-artifacts","sourceProvenance":{"resolvedStorageSource":{"bucket":"gcf-v2-sources-560319124551-us-central1","object":"getNews/function-source.zip","generation":"1747461694053935"}},"dockerRegistry":"ARTIFACT_REGISTRY","serviceAccount":"projects/news-reader-444bf/serviceAccounts/560319124551-compute@developer.gserviceaccount.com","automaticUpdatePolicy":{}},"serviceConfig":{"service":"projects/news-reader-444bf/locations/us-central1/services/getnews","timeoutSeconds":60,"environmentVariables":{"FIREBASE_CONFIG":"{\"projectId\":\"news-reader-444bf\",\"storageBucket\":\"news-reader-444bf.firebasestorage.app\"}","GCLOUD_PROJECT":"news-reader-444bf","EVENTARC_CLOUD_EVENT_SOURCE":"projects/news-reader-444bf/locations/us-central1/services/getNews","FUNCTION_TARGET":"getNews","LOG_EXECUTION_ID":"true"},"ingressSettings":"ALLOW_ALL","serviceAccountEmail":"560319124551-compute@developer.gserviceaccount.com","availableMemory":"256Mi","maxInstanceRequestConcurrency":80,"availableCpu":"1"},"state":"FAILED","labels":{"firebase-functions-hash":"5fdde619d1e9ec89a27d905307cdbd88ad580618"},"stateMessages":[{"severity":"ERROR","type":"CloudRunServiceNotFound","message":"Cloud Run service projects/news-reader-444bf/locations/us-central1/services/getnews for the function was not found. The function will not work correctly. Please redeploy."}],"environment":"GEN_2","url":"https://us-central1-news-reader-444bf.cloudfunctions.net/getNews","satisfiesPzi":true},"stages":[{"name":"BUILD","message":"Build in progress","state":"IN_PROGRESS","resource":"projects/560319124551/locations/us-central1/builds/9db2e08b-cc3b-465e-918b-35d2770b7de1","resourceUri":"https://console.cloud.google.com/cloud-build/builds;region=us-central1/9db2e08b-cc3b-465e-918b-35d2770b7de1?project=560319124551"},{"name":"SERVICE","state":"NOT_STARTED"}],"operationType":"UPDATE_FUNCTION","buildName":"projects/560319124551/locations/us-central1/builds/9db2e08b-cc3b-465e-918b-35d2770b7de1"},"done":false}
[debug] [2025-05-17T06:15:37.530Z] [update-default-us-central1-getNews] Retrying task index 0
[debug] [2025-05-17T06:15:37.531Z] Checked if tokens are valid: true, expires at: 1747466078303
[debug] [2025-05-17T06:15:37.531Z] Checked if tokens are valid: true, expires at: 1747466078303
[debug] [2025-05-17T06:15:37.531Z] >>> [apiv2][query] GET https://cloudfunctions.googleapis.com/v2/projects/news-reader-444bf/locations/us-central1/operations/operation-1747462510279-6354ed22efb3f-d9f52e14-ce4b90af [none]
[debug] [2025-05-17T06:15:37.660Z] <<< [apiv2][status] GET https://cloudfunctions.googleapis.com/v2/projects/news-reader-444bf/locations/us-central1/operations/operation-1747462510279-6354ed22efb3f-d9f52e14-ce4b90af 200
[debug] [2025-05-17T06:15:37.661Z] <<< [apiv2][body] GET https://cloudfunctions.googleapis.com/v2/projects/news-reader-444bf/locations/us-central1/operations/operation-1747462510279-6354ed22efb3f-d9f52e14-ce4b90af {"name":"projects/news-reader-444bf/locations/us-central1/operations/operation-1747462510279-6354ed22efb3f-d9f52e14-ce4b90af","metadata":{"@type":"type.googleapis.com/google.cloud.functions.v2.OperationMetadata","createTime":"2025-05-17T06:15:11.083013614Z","target":"projects/news-reader-444bf/locations/us-central1/functions/getNews","verb":"update","cancelRequested":false,"apiVersion":"v2","requestResource":{"@type":"type.googleapis.com/google.cloud.functions.v2.Function","name":"projects/news-reader-444bf/locations/us-central1/functions/getNews","buildConfig":{"runtime":"nodejs22","entryPoint":"getNews","source":{"storageSource":{"bucket":"gcf-v2-sources-560319124551-us-central1","object":"getNews/function-source.zip","generation":"1747462511001847"}},"environmentVariables":{"GOOGLE_NODE_RUN_SCRIPTS":""},"dockerRepository":"projects/news-reader-444bf/locations/us-central1/repositories/gcf-artifacts","sourceProvenance":{"resolvedStorageSource":{"bucket":"gcf-v2-sources-560319124551-us-central1","object":"getNews/function-source.zip","generation":"1747461694053935"}},"dockerRegistry":"ARTIFACT_REGISTRY","serviceAccount":"projects/news-reader-444bf/serviceAccounts/560319124551-compute@developer.gserviceaccount.com","automaticUpdatePolicy":{}},"serviceConfig":{"service":"projects/news-reader-444bf/locations/us-central1/services/getnews","timeoutSeconds":60,"environmentVariables":{"FIREBASE_CONFIG":"{\"projectId\":\"news-reader-444bf\",\"storageBucket\":\"news-reader-444bf.firebasestorage.app\"}","GCLOUD_PROJECT":"news-reader-444bf","EVENTARC_CLOUD_EVENT_SOURCE":"projects/news-reader-444bf/locations/us-central1/services/getNews","FUNCTION_TARGET":"getNews","LOG_EXECUTION_ID":"true"},"ingressSettings":"ALLOW_ALL","serviceAccountEmail":"560319124551-compute@developer.gserviceaccount.com","availableMemory":"256Mi","maxInstanceRequestConcurrency":80,"availableCpu":"1"},"state":"FAILED","labels":{"firebase-functions-hash":"5fdde619d1e9ec89a27d905307cdbd88ad580618"},"stateMessages":[{"severity":"ERROR","type":"CloudRunServiceNotFound","message":"Cloud Run service projects/news-reader-444bf/locations/us-central1/services/getnews for the function was not found. The function will not work correctly. Please redeploy."}],"environment":"GEN_2","url":"https://us-central1-news-reader-444bf.cloudfunctions.net/getNews","satisfiesPzi":true},"stages":[{"name":"BUILD","message":"Build in progress","state":"IN_PROGRESS","resource":"projects/560319124551/locations/us-central1/builds/9db2e08b-cc3b-465e-918b-35d2770b7de1","resourceUri":"https://console.cloud.google.com/cloud-build/builds;region=us-central1/9db2e08b-cc3b-465e-918b-35d2770b7de1?project=560319124551"},{"name":"SERVICE","state":"NOT_STARTED"}],"operationType":"UPDATE_FUNCTION","buildName":"projects/560319124551/locations/us-central1/builds/9db2e08b-cc3b-465e-918b-35d2770b7de1"},"done":false}
[debug] [2025-05-17T06:15:47.671Z] [update-default-us-central1-getNews] Retrying task index 0
[debug] [2025-05-17T06:15:47.671Z] Checked if tokens are valid: true, expires at: 1747466078303
[debug] [2025-05-17T06:15:47.672Z] Checked if tokens are valid: true, expires at: 1747466078303
[debug] [2025-05-17T06:15:47.672Z] >>> [apiv2][query] GET https://cloudfunctions.googleapis.com/v2/projects/news-reader-444bf/locations/us-central1/operations/operation-1747462510279-6354ed22efb3f-d9f52e14-ce4b90af [none]
[debug] [2025-05-17T06:15:47.833Z] <<< [apiv2][status] GET https://cloudfunctions.googleapis.com/v2/projects/news-reader-444bf/locations/us-central1/operations/operation-1747462510279-6354ed22efb3f-d9f52e14-ce4b90af 200
[debug] [2025-05-17T06:15:47.833Z] <<< [apiv2][body] GET https://cloudfunctions.googleapis.com/v2/projects/news-reader-444bf/locations/us-central1/operations/operation-1747462510279-6354ed22efb3f-d9f52e14-ce4b90af {"name":"projects/news-reader-444bf/locations/us-central1/operations/operation-1747462510279-6354ed22efb3f-d9f52e14-ce4b90af","metadata":{"@type":"type.googleapis.com/google.cloud.functions.v2.OperationMetadata","createTime":"2025-05-17T06:15:11.083013614Z","target":"projects/news-reader-444bf/locations/us-central1/functions/getNews","verb":"update","cancelRequested":false,"apiVersion":"v2","requestResource":{"@type":"type.googleapis.com/google.cloud.functions.v2.Function","name":"projects/news-reader-444bf/locations/us-central1/functions/getNews","buildConfig":{"runtime":"nodejs22","entryPoint":"getNews","source":{"storageSource":{"bucket":"gcf-v2-sources-560319124551-us-central1","object":"getNews/function-source.zip","generation":"1747462511001847"}},"environmentVariables":{"GOOGLE_NODE_RUN_SCRIPTS":""},"dockerRepository":"projects/news-reader-444bf/locations/us-central1/repositories/gcf-artifacts","sourceProvenance":{"resolvedStorageSource":{"bucket":"gcf-v2-sources-560319124551-us-central1","object":"getNews/function-source.zip","generation":"1747461694053935"}},"dockerRegistry":"ARTIFACT_REGISTRY","serviceAccount":"projects/news-reader-444bf/serviceAccounts/560319124551-compute@developer.gserviceaccount.com","automaticUpdatePolicy":{}},"serviceConfig":{"service":"projects/news-reader-444bf/locations/us-central1/services/getnews","timeoutSeconds":60,"environmentVariables":{"FIREBASE_CONFIG":"{\"projectId\":\"news-reader-444bf\",\"storageBucket\":\"news-reader-444bf.firebasestorage.app\"}","GCLOUD_PROJECT":"news-reader-444bf","EVENTARC_CLOUD_EVENT_SOURCE":"projects/news-reader-444bf/locations/us-central1/services/getNews","FUNCTION_TARGET":"getNews","LOG_EXECUTION_ID":"true"},"ingressSettings":"ALLOW_ALL","serviceAccountEmail":"560319124551-compute@developer.gserviceaccount.com","availableMemory":"256Mi","maxInstanceRequestConcurrency":80,"availableCpu":"1"},"state":"FAILED","labels":{"firebase-functions-hash":"5fdde619d1e9ec89a27d905307cdbd88ad580618"},"stateMessages":[{"severity":"ERROR","type":"CloudRunServiceNotFound","message":"Cloud Run service projects/news-reader-444bf/locations/us-central1/services/getnews for the function was not found. The function will not work correctly. Please redeploy."}],"environment":"GEN_2","url":"https://us-central1-news-reader-444bf.cloudfunctions.net/getNews","satisfiesPzi":true},"stages":[{"name":"BUILD","message":"Build in progress","state":"IN_PROGRESS","resource":"projects/560319124551/locations/us-central1/builds/9db2e08b-cc3b-465e-918b-35d2770b7de1","resourceUri":"https://console.cloud.google.com/cloud-build/builds;region=us-central1/9db2e08b-cc3b-465e-918b-35d2770b7de1?project=560319124551"},{"name":"SERVICE","state":"NOT_STARTED"}],"operationType":"UPDATE_FUNCTION","buildName":"projects/560319124551/locations/us-central1/builds/9db2e08b-cc3b-465e-918b-35d2770b7de1"},"done":false}
[debug] [2025-05-17T06:15:57.846Z] [update-default-us-central1-getNews] Retrying task index 0
[debug] [2025-05-17T06:15:57.847Z] Checked if tokens are valid: true, expires at: 1747466078303
[debug] [2025-05-17T06:15:57.847Z] Checked if tokens are valid: true, expires at: 1747466078303
[debug] [2025-05-17T06:15:57.847Z] >>> [apiv2][query] GET https://cloudfunctions.googleapis.com/v2/projects/news-reader-444bf/locations/us-central1/operations/operation-1747462510279-6354ed22efb3f-d9f52e14-ce4b90af [none]
[debug] [2025-05-17T06:15:58.007Z] <<< [apiv2][status] GET https://cloudfunctions.googleapis.com/v2/projects/news-reader-444bf/locations/us-central1/operations/operation-1747462510279-6354ed22efb3f-d9f52e14-ce4b90af 200
[debug] [2025-05-17T06:15:58.007Z] <<< [apiv2][body] GET https://cloudfunctions.googleapis.com/v2/projects/news-reader-444bf/locations/us-central1/operations/operation-1747462510279-6354ed22efb3f-d9f52e14-ce4b90af {"name":"projects/news-reader-444bf/locations/us-central1/operations/operation-1747462510279-6354ed22efb3f-d9f52e14-ce4b90af","metadata":{"@type":"type.googleapis.com/google.cloud.functions.v2.OperationMetadata","createTime":"2025-05-17T06:15:11.083013614Z","target":"projects/news-reader-444bf/locations/us-central1/functions/getNews","verb":"update","cancelRequested":false,"apiVersion":"v2","requestResource":{"@type":"type.googleapis.com/google.cloud.functions.v2.Function","name":"projects/news-reader-444bf/locations/us-central1/functions/getNews","buildConfig":{"runtime":"nodejs22","entryPoint":"getNews","source":{"storageSource":{"bucket":"gcf-v2-sources-560319124551-us-central1","object":"getNews/function-source.zip","generation":"1747462511001847"}},"environmentVariables":{"GOOGLE_NODE_RUN_SCRIPTS":""},"dockerRepository":"projects/news-reader-444bf/locations/us-central1/repositories/gcf-artifacts","sourceProvenance":{"resolvedStorageSource":{"bucket":"gcf-v2-sources-560319124551-us-central1","object":"getNews/function-source.zip","generation":"1747461694053935"}},"dockerRegistry":"ARTIFACT_REGISTRY","serviceAccount":"projects/news-reader-444bf/serviceAccounts/560319124551-compute@developer.gserviceaccount.com","automaticUpdatePolicy":{}},"serviceConfig":{"service":"projects/news-reader-444bf/locations/us-central1/services/getnews","timeoutSeconds":60,"environmentVariables":{"FIREBASE_CONFIG":"{\"projectId\":\"news-reader-444bf\",\"storageBucket\":\"news-reader-444bf.firebasestorage.app\"}","GCLOUD_PROJECT":"news-reader-444bf","EVENTARC_CLOUD_EVENT_SOURCE":"projects/news-reader-444bf/locations/us-central1/services/getNews","FUNCTION_TARGET":"getNews","LOG_EXECUTION_ID":"true"},"ingressSettings":"ALLOW_ALL","serviceAccountEmail":"560319124551-compute@developer.gserviceaccount.com","availableMemory":"256Mi","maxInstanceRequestConcurrency":80,"availableCpu":"1"},"state":"FAILED","labels":{"firebase-functions-hash":"5fdde619d1e9ec89a27d905307cdbd88ad580618"},"stateMessages":[{"severity":"ERROR","type":"CloudRunServiceNotFound","message":"Cloud Run service projects/news-reader-444bf/locations/us-central1/services/getnews for the function was not found. The function will not work correctly. Please redeploy."}],"environment":"GEN_2","url":"https://us-central1-news-reader-444bf.cloudfunctions.net/getNews","satisfiesPzi":true},"stages":[{"name":"BUILD","message":"Build in progress","state":"IN_PROGRESS","resource":"projects/560319124551/locations/us-central1/builds/9db2e08b-cc3b-465e-918b-35d2770b7de1","resourceUri":"https://console.cloud.google.com/cloud-build/builds;region=us-central1/9db2e08b-cc3b-465e-918b-35d2770b7de1?project=560319124551"},{"name":"SERVICE","state":"NOT_STARTED"}],"operationType":"UPDATE_FUNCTION","buildName":"projects/560319124551/locations/us-central1/builds/9db2e08b-cc3b-465e-918b-35d2770b7de1"},"done":false}
[debug] [2025-05-17T06:16:08.011Z] [update-default-us-central1-getNews] Retrying task index 0
[debug] [2025-05-17T06:16:08.011Z] Checked if tokens are valid: true, expires at: 1747466078303
[debug] [2025-05-17T06:16:08.011Z] Checked if tokens are valid: true, expires at: 1747466078303
[debug] [2025-05-17T06:16:08.011Z] >>> [apiv2][query] GET https://cloudfunctions.googleapis.com/v2/projects/news-reader-444bf/locations/us-central1/operations/operation-1747462510279-6354ed22efb3f-d9f52e14-ce4b90af [none]
[debug] [2025-05-17T06:16:08.191Z] <<< [apiv2][status] GET https://cloudfunctions.googleapis.com/v2/projects/news-reader-444bf/locations/us-central1/operations/operation-1747462510279-6354ed22efb3f-d9f52e14-ce4b90af 200
[debug] [2025-05-17T06:16:08.192Z] <<< [apiv2][body] GET https://cloudfunctions.googleapis.com/v2/projects/news-reader-444bf/locations/us-central1/operations/operation-1747462510279-6354ed22efb3f-d9f52e14-ce4b90af {"name":"projects/news-reader-444bf/locations/us-central1/operations/operation-1747462510279-6354ed22efb3f-d9f52e14-ce4b90af","metadata":{"@type":"type.googleapis.com/google.cloud.functions.v2.OperationMetadata","createTime":"2025-05-17T06:15:11.083013614Z","target":"projects/news-reader-444bf/locations/us-central1/functions/getNews","verb":"update","cancelRequested":false,"apiVersion":"v2","requestResource":{"@type":"type.googleapis.com/google.cloud.functions.v2.Function","name":"projects/news-reader-444bf/locations/us-central1/functions/getNews","buildConfig":{"runtime":"nodejs22","entryPoint":"getNews","source":{"storageSource":{"bucket":"gcf-v2-sources-560319124551-us-central1","object":"getNews/function-source.zip","generation":"1747462511001847"}},"environmentVariables":{"GOOGLE_NODE_RUN_SCRIPTS":""},"dockerRepository":"projects/news-reader-444bf/locations/us-central1/repositories/gcf-artifacts","sourceProvenance":{"resolvedStorageSource":{"bucket":"gcf-v2-sources-560319124551-us-central1","object":"getNews/function-source.zip","generation":"1747461694053935"}},"dockerRegistry":"ARTIFACT_REGISTRY","serviceAccount":"projects/news-reader-444bf/serviceAccounts/560319124551-compute@developer.gserviceaccount.com","automaticUpdatePolicy":{}},"serviceConfig":{"service":"projects/news-reader-444bf/locations/us-central1/services/getnews","timeoutSeconds":60,"environmentVariables":{"FIREBASE_CONFIG":"{\"projectId\":\"news-reader-444bf\",\"storageBucket\":\"news-reader-444bf.firebasestorage.app\"}","GCLOUD_PROJECT":"news-reader-444bf","EVENTARC_CLOUD_EVENT_SOURCE":"projects/news-reader-444bf/locations/us-central1/services/getNews","FUNCTION_TARGET":"getNews","LOG_EXECUTION_ID":"true"},"ingressSettings":"ALLOW_ALL","serviceAccountEmail":"560319124551-compute@developer.gserviceaccount.com","availableMemory":"256Mi","maxInstanceRequestConcurrency":80,"availableCpu":"1"},"state":"FAILED","labels":{"firebase-functions-hash":"5fdde619d1e9ec89a27d905307cdbd88ad580618"},"stateMessages":[{"severity":"ERROR","type":"CloudRunServiceNotFound","message":"Cloud Run service projects/news-reader-444bf/locations/us-central1/services/getnews for the function was not found. The function will not work correctly. Please redeploy."}],"environment":"GEN_2","url":"https://us-central1-news-reader-444bf.cloudfunctions.net/getNews","satisfiesPzi":true},"stages":[{"name":"BUILD","message":"Build finished","state":"COMPLETE","resource":"projects/560319124551/locations/us-central1/builds/9db2e08b-cc3b-465e-918b-35d2770b7de1","resourceUri":"https://console.cloud.google.com/cloud-build/builds;region=us-central1/9db2e08b-cc3b-465e-918b-35d2770b7de1?project=560319124551"},{"name":"SERVICE","message":"Updating Cloud Run service","state":"IN_PROGRESS","resource":"projects/news-reader-444bf/locations/us-central1/services/getnews","resourceUri":"https://console.cloud.google.com/run/detail/us-central1/getnews?project=news-reader-444bf","stateMessages":[{"severity":"WARNING","type":"CloudRunServiceRecreated","message":"Cloud Run service projects/news-reader-444bf/locations/us-central1/services/getnews for the function was not found. The service was redeployed with default values."}]}],"sourceToken":"Cldwcm9qZWN0cy81NjAzMTkxMjQ1NTEvbG9jYXRpb25zL3VzLWNlbnRyYWwxL2J1aWxkcy85ZGIyZTA4Yi1jYzNiLTQ2NWUtOTE4Yi0zNWQyNzcwYjdkZTEScHVzLWNlbnRyYWwxLWRvY2tlci5wa2cuZGV2L25ld3MtcmVhZGVyLTQ0NGJmL2djZi1hcnRpZmFjdHMvbmV3cy0tcmVhZGVyLS00NDRiZl9fdXMtLWNlbnRyYWwxX19nZXRfbmV3czp2ZXJzaW9uXzEYx6j9rKcQIkJwcm9qZWN0cy9uZXdzLXJlYWRlci00NDRiZi9sb2NhdGlvbnMvdXMtY2VudHJhbDEvZnVuY3Rpb25zL2dldE5ld3MqDAih06DBBhCwkfqeAzIIbm9kZWpzMjI6dgojZ2NyLmlvL2dhZS1ydW50aW1lcy9ub2RlanMyMjpzdGFibGUST3VzLWNlbnRyYWwxLWRvY2tlci5wa2cuZGV2L3NlcnZlcmxlc3MtcnVudGltZXMvZ29vZ2xlLTIyLWZ1bGwvcnVudGltZXMvbm9kZWpzMjJAAQ==","operationType":"UPDATE_FUNCTION","buildName":"projects/560319124551/locations/us-central1/builds/9db2e08b-cc3b-465e-918b-35d2770b7de1"},"done":false}
[debug] [2025-05-17T06:16:08.192Z] Got source token Cldwcm9qZWN0cy81NjAzMTkxMjQ1NTEvbG9jYXRpb25zL3VzLWNlbnRyYWwxL2J1aWxkcy85ZGIyZTA4Yi1jYzNiLTQ2NWUtOTE4Yi0zNWQyNzcwYjdkZTEScHVzLWNlbnRyYWwxLWRvY2tlci5wa2cuZGV2L25ld3MtcmVhZGVyLTQ0NGJmL2djZi1hcnRpZmFjdHMvbmV3cy0tcmVhZGVyLS00NDRiZl9fdXMtLWNlbnRyYWwxX19nZXRfbmV3czp2ZXJzaW9uXzEYx6j9rKcQIkJwcm9qZWN0cy9uZXdzLXJlYWRlci00NDRiZi9sb2NhdGlvbnMvdXMtY2VudHJhbDEvZnVuY3Rpb25zL2dldE5ld3MqDAih06DBBhCwkfqeAzIIbm9kZWpzMjI6dgojZ2NyLmlvL2dhZS1ydW50aW1lcy9ub2RlanMyMjpzdGFibGUST3VzLWNlbnRyYWwxLWRvY2tlci5wa2cuZGV2L3NlcnZlcmxlc3MtcnVudGltZXMvZ29vZ2xlLTIyLWZ1bGwvcnVudGltZXMvbm9kZWpzMjJAAQ== for region us-central1
[debug] [2025-05-17T06:16:18.204Z] [update-default-us-central1-getNews] Retrying task index 0
[debug] [2025-05-17T06:16:18.204Z] Checked if tokens are valid: true, expires at: 1747466078303
[debug] [2025-05-17T06:16:18.204Z] Checked if tokens are valid: true, expires at: 1747466078303
[debug] [2025-05-17T06:16:18.204Z] >>> [apiv2][query] GET https://cloudfunctions.googleapis.com/v2/projects/news-reader-444bf/locations/us-central1/operations/operation-1747462510279-6354ed22efb3f-d9f52e14-ce4b90af [none]
[debug] [2025-05-17T06:16:18.553Z] <<< [apiv2][status] GET https://cloudfunctions.googleapis.com/v2/projects/news-reader-444bf/locations/us-central1/operations/operation-1747462510279-6354ed22efb3f-d9f52e14-ce4b90af 200
[debug] [2025-05-17T06:16:18.553Z] <<< [apiv2][body] GET https://cloudfunctions.googleapis.com/v2/projects/news-reader-444bf/locations/us-central1/operations/operation-1747462510279-6354ed22efb3f-d9f52e14-ce4b90af {"name":"projects/news-reader-444bf/locations/us-central1/operations/operation-1747462510279-6354ed22efb3f-d9f52e14-ce4b90af","metadata":{"@type":"type.googleapis.com/google.cloud.functions.v2.OperationMetadata","createTime":"2025-05-17T06:15:11.083013614Z","endTime":"2025-05-17T06:16:10.141840488Z","target":"projects/news-reader-444bf/locations/us-central1/functions/getNews","verb":"update","cancelRequested":false,"apiVersion":"v2","requestResource":{"@type":"type.googleapis.com/google.cloud.functions.v2.Function","name":"projects/news-reader-444bf/locations/us-central1/functions/getNews","buildConfig":{"runtime":"nodejs22","entryPoint":"getNews","source":{"storageSource":{"bucket":"gcf-v2-sources-560319124551-us-central1","object":"getNews/function-source.zip","generation":"1747462511001847"}},"environmentVariables":{"GOOGLE_NODE_RUN_SCRIPTS":""},"dockerRepository":"projects/news-reader-444bf/locations/us-central1/repositories/gcf-artifacts","sourceProvenance":{"resolvedStorageSource":{"bucket":"gcf-v2-sources-560319124551-us-central1","object":"getNews/function-source.zip","generation":"1747461694053935"}},"dockerRegistry":"ARTIFACT_REGISTRY","serviceAccount":"projects/news-reader-444bf/serviceAccounts/560319124551-compute@developer.gserviceaccount.com","automaticUpdatePolicy":{}},"serviceConfig":{"service":"projects/news-reader-444bf/locations/us-central1/services/getnews","timeoutSeconds":60,"environmentVariables":{"FIREBASE_CONFIG":"{\"projectId\":\"news-reader-444bf\",\"storageBucket\":\"news-reader-444bf.firebasestorage.app\"}","GCLOUD_PROJECT":"news-reader-444bf","EVENTARC_CLOUD_EVENT_SOURCE":"projects/news-reader-444bf/locations/us-central1/services/getNews","FUNCTION_TARGET":"getNews","LOG_EXECUTION_ID":"true"},"ingressSettings":"ALLOW_ALL","serviceAccountEmail":"560319124551-compute@developer.gserviceaccount.com","availableMemory":"256Mi","maxInstanceRequestConcurrency":80,"availableCpu":"1"},"state":"FAILED","labels":{"firebase-functions-hash":"5fdde619d1e9ec89a27d905307cdbd88ad580618"},"stateMessages":[{"severity":"ERROR","type":"CloudRunServiceNotFound","message":"Cloud Run service projects/news-reader-444bf/locations/us-central1/services/getnews for the function was not found. The function will not work correctly. Please redeploy."}],"environment":"GEN_2","url":"https://us-central1-news-reader-444bf.cloudfunctions.net/getNews","satisfiesPzi":true},"stages":[{"name":"SERVICE","state":"NOT_STARTED"}],"operationType":"UPDATE_FUNCTION"},"done":true,"error":{"code":3,"message":"Could not create or update Cloud Run service getnews, Container Healthcheck failed. Revision 'getnews-00001-miy' is not ready and cannot serve traffic. The user-provided container failed to start and listen on the port defined provided by the PORT=8080 environment variable within the allocated timeout. This can happen when the container port is misconfigured or if the timeout is too short. The health check timeout can be extended. Logs for this revision might contain more information.\n\nLogs URL: https://console.cloud.google.com/logs/viewer?project=news-reader-444bf&resource=cloud_run_revision/service_name/getnews/revision_name/getnews-00001-miy&advancedFilter=resource.type%3D%22cloud_run_revision%22%0Aresource.labels.service_name%3D%22getnews%22%0Aresource.labels.revision_name%3D%22getnews-00001-miy%22 \nFor more troubleshooting guidance, see https://cloud.google.com/run/docs/troubleshooting#container-failed-to-start"}}
[debug] [2025-05-17T06:16:18.553Z] Got source token undefined for region us-central1
[error] Could not create or update Cloud Run service getnews, Container Healthcheck failed. Revision 'getnews-00001-miy' is not ready and cannot serve traffic. The user-provided container failed to start and listen on the port defined provided by the PORT=8080 environment variable within the allocated timeout. This can happen when the container port is misconfigured or if the timeout is too short. The health check timeout can be extended. Logs for this revision might contain more information.

Logs URL: https://console.cloud.google.com/logs/viewer?project=news-reader-444bf&resource=cloud_run_revision/service_name/getnews/revision_name/getnews-00001-miy&advancedFilter=resource.type%3D%22cloud_run_revision%22%0Aresource.labels.service_name%3D%22getnews%22%0Aresource.labels.revision_name%3D%22getnews-00001-miy%22 
For more troubleshooting guidance, see https://cloud.google.com/run/docs/troubleshooting#container-failed-to-start
[debug] [2025-05-17T06:16:18.555Z] Total Function Deployment time: 68453
[debug] [2025-05-17T06:16:18.556Z] 1 Functions Deployed
[debug] [2025-05-17T06:16:18.556Z] 1 Functions Errored
[debug] [2025-05-17T06:16:18.556Z] 0 Function Deployments Aborted
[debug] [2025-05-17T06:16:18.556Z] Average Function Deployment time: 68452
[info] 
[info] Functions deploy had errors with the following functions:
	getNews(us-central1)
[debug] [2025-05-17T06:16:18.557Z] Not printing URL for HTTPS function. Typically this means it didn't match a filter or we failed deployment
[debug] [2025-05-17T06:16:18.557Z] Checked if tokens are valid: true, expires at: 1747466078303
[debug] [2025-05-17T06:16:18.557Z] Checked if tokens are valid: true, expires at: 1747466078303
[debug] [2025-05-17T06:16:18.557Z] >>> [apiv2][query] GET https://artifactregistry.googleapis.com/v1/projects/news-reader-444bf/locations/us-central1/repositories/gcf-artifacts [none]
[debug] [2025-05-17T06:16:18.971Z] <<< [apiv2][status] GET https://artifactregistry.googleapis.com/v1/projects/news-reader-444bf/locations/us-central1/repositories/gcf-artifacts 200
[debug] [2025-05-17T06:16:18.971Z] <<< [apiv2][body] GET https://artifactregistry.googleapis.com/v1/projects/news-reader-444bf/locations/us-central1/repositories/gcf-artifacts {"name":"projects/news-reader-444bf/locations/us-central1/repositories/gcf-artifacts","format":"DOCKER","description":"This repository is created and used by Cloud Functions for storing function docker images.","labels":{"goog-managed-by":"cloudfunctions"},"createTime":"2025-05-17T05:22:41.690459Z","updateTime":"2025-05-17T06:15:56.432033Z","mode":"STANDARD_REPOSITORY","cleanupPolicies":{"firebase-functions-cleanup":{"id":"firebase-functions-cleanup","action":"DELETE","condition":{"tagState":"ANY","olderThan":"86400s"}}},"sizeBytes":"106996670","vulnerabilityScanningConfig":{"lastEnableTime":"2025-05-17T05:22:33.363983356Z","enablementState":"SCANNING_DISABLED","enablementStateReason":"API containerscanning.googleapis.com is not enabled."},"satisfiesPzi":true,"registryUri":"us-central1-docker.pkg.dev/news-reader-444bf/gcf-artifacts"}
[debug] [2025-05-17T06:16:18.971Z] Functions deploy failed.
[debug] [2025-05-17T06:16:18.971Z] {
  "endpoint": {
    "id": "getNews",
    "project": "news-reader-444bf",
    "region": "us-central1",
    "entryPoint": "getNews",
    "platform": "gcfv2",
    "runtime": "nodejs22",
    "httpsTrigger": {},
    "labels": {
      "deployment-tool": "cli-firebase"
    },
    "serviceAccount": null,
    "ingressSettings": null,
    "availableMemoryMb": null,
    "timeoutSeconds": null,
    "maxInstances": null,
    "minInstances": null,
    "concurrency": 80,
    "vpc": null,
    "environmentVariables": {
      "FIREBASE_CONFIG": "{\"projectId\":\"news-reader-444bf\",\"storageBucket\":\"news-reader-444bf.firebasestorage.app\"}",
      "GCLOUD_PROJECT": "news-reader-444bf",
      "EVENTARC_CLOUD_EVENT_SOURCE": "projects/news-reader-444bf/locations/us-central1/services/getNews"
    },
    "codebase": "default",
    "securityLevel": "SECURE_ALWAYS",
    "cpu": 1,
    "targetedByOnly": true,
    "hash": "5fdde619d1e9ec89a27d905307cdbd88ad580618"
  },
  "op": "update",
  "original": {
    "name": "FirebaseError",
    "children": [],
    "exit": 1,
    "message": "Could not create or update Cloud Run service getnews, Container Healthcheck failed. Revision 'getnews-00001-miy' is not ready and cannot serve traffic. The user-provided container failed to start and listen on the port defined provided by the PORT=8080 environment variable within the allocated timeout. This can happen when the container port is misconfigured or if the timeout is too short. The health check timeout can be extended. Logs for this revision might contain more information.\n\nLogs URL: https://console.cloud.google.com/logs/viewer?project=news-reader-444bf&resource=cloud_run_revision/service_name/getnews/revision_name/getnews-00001-miy&advancedFilter=resource.type%3D%22cloud_run_revision%22%0Aresource.labels.service_name%3D%22getnews%22%0Aresource.labels.revision_name%3D%22getnews-00001-miy%22 \nFor more troubleshooting guidance, see https://cloud.google.com/run/docs/troubleshooting#container-failed-to-start",
    "original": {
      "code": 3,
      "message": "Could not create or update Cloud Run service getnews, Container Healthcheck failed. Revision 'getnews-00001-miy' is not ready and cannot serve traffic. The user-provided container failed to start and listen on the port defined provided by the PORT=8080 environment variable within the allocated timeout. This can happen when the container port is misconfigured or if the timeout is too short. The health check timeout can be extended. Logs for this revision might contain more information.\n\nLogs URL: https://console.cloud.google.com/logs/viewer?project=news-reader-444bf&resource=cloud_run_revision/service_name/getnews/revision_name/getnews-00001-miy&advancedFilter=resource.type%3D%22cloud_run_revision%22%0Aresource.labels.service_name%3D%22getnews%22%0Aresource.labels.revision_name%3D%22getnews-00001-miy%22 \nFor more troubleshooting guidance, see https://cloud.google.com/run/docs/troubleshooting#container-failed-to-start"
    },
    "status": 3,
    "code": 3
  }
}
[debug] [2025-05-17T06:16:18.972Z] Error: Failed to update function getNews in region us-central1
    at C:\Users\Dell\AppData\Roaming\npm\node_modules\firebase-tools\lib\deploy\functions\release\fabricator.js:399:19
    at process.processTicksAndRejections (node:internal/process/task_queues:105:5)
    at async Fabricator.updateV2Function (C:\Users\Dell\AppData\Roaming\npm\node_modules\firebase-tools\lib\deploy\functions\release\fabricator.js:388:32)
    at async Fabricator.updateEndpoint (C:\Users\Dell\AppData\Roaming\npm\node_modules\firebase-tools\lib\deploy\functions\release\fabricator.js:155:13)
    at async handle (C:\Users\Dell\AppData\Roaming\npm\node_modules\firebase-tools\lib\deploy\functions\release\fabricator.js:89:17)
[error] 
[error] Error: There was an error deploying functions
